#
# A fatal error has been detected by the Java Runtime Environment:
#
#  Internal Error (safepoint.cpp:919), pid=29746, tid=36103
#  fatal error: Illegal threadstate encountered: 4
#
# JRE version: OpenJDK Runtime Environment Corretto-11.0.14.10.1 (11.0.14.1+10) (build 11.0.14.1+10-LTS)
# Java VM: OpenJDK 64-Bit Server VM Corretto-11.0.14.10.1 (11.0.14.1+10-LTS, mixed mode, tiered, compressed oops, g1 gc, bsd-amd64)
# No core dump will be written. Core dumps have been disabled. To enable core dumping, try "ulimit -c unlimited" before starting Java again
#
# If you would like to submit a bug report, please visit:
#   https://github.com/corretto/corretto-11/issues/
# The crash happened outside the Java Virtual Machine in native code.
# See problematic frame for where to report the bug.
#

---------------  S U M M A R Y ------------

Command Line: -javaagent:/Applications/IntelliJ IDEA CE.app/Contents/lib/idea_rt.jar=62715:/Applications/IntelliJ IDEA CE.app/Contents/bin -Dfile.encoding=UTF-8 --module-path=/Users/dsejat/.m2/repository/com/google/guava/guava/31.1-jre/guava-31.1-jre.jar:/Users/dsejat/.m2/repository/org/openjfx/javafx-base/13/javafx-base-13-mac.jar:/Users/dsejat/Downloads/KiDSDomaci1/target/classes:/Users/dsejat/.m2/repository/org/openjfx/javafx-graphics/13/javafx-graphics-13-mac.jar:/Users/dsejat/.m2/repository/org/openjfx/javafx-controls/13/javafx-controls-13-mac.jar -Djdk.module.main=RAF.KiDSDomaci1 RAF.KiDSDomaci1/RAF.KiDSDomaci1.app.AppStarter

Host: MacBookPro15,2 x86_64 2400 MHz, 8 cores, 16G, Darwin 21.3.0
Time: Fri Apr  1 12:41:20 2022 CEST elapsed time: 7.920046 seconds (0d 0h 0m 7s)

---------------  T H R E A D  ---------------

Current thread (0x00007f97399e6800):  JavaThread "InvokeLaterDispatcher" daemon [_thread_in_native, id=36103, stack(0x000070000e3cd000,0x000070000e4cd000)]

Stack: [0x000070000e3cd000,0x000070000e4cd000],  sp=0x000070000e4cb2b0,  free space=1016k
Native frames: (J=compiled Java code, A=aot compiled Java code, j=interpreted, Vv=VM code, C=native code)
V  [libjvm.dylib+0x7cbdbd]  _ZN7VMError14report_and_dieEiPKcS1_P13__va_list_tagP6ThreadPhPvS7_S1_im+0x601
V  [libjvm.dylib+0x281885]  _Z12report_fatal11VMErrorTypePKciS1_z+0xc1
V  [libjvm.dylib+0x69de0f]  _ZN20SafepointSynchronize5blockEP10JavaThread+0x1db
V  [libjvm.dylib+0x69fa25]  _ZN18SafepointMechanism23block_if_requested_slowEP10JavaThread+0x1d
V  [libjvm.dylib+0x787467]  _ZN10JavaThread44check_safepoint_and_suspend_for_native_transEPS_+0x9f
V  [libjvm.dylib+0x1e3129]  _ZN20ThreadInVMfromNativeC1EP10JavaThread+0x6d
V  [libjvm.dylib+0x402167]  jni_DeleteGlobalRef+0x3e
C  [libglass.dylib+0x8e55]  -[GlassRunnable dealloc]+0x35
C  [Foundation+0x80eab]  -[_NSThreadPerformInfo dealloc]+0x2a
C  [Foundation+0x4dcd7]  -[NSObject(NSThreadPerformAdditions) performSelectorOnMainThread:withObject:waitUntilDone:]+0x7c
j  com.sun.glass.ui.mac.MacApplication._submitForLaterInvocation(Ljava/lang/Runnable;)V+0 javafx.graphics
j  com.sun.glass.ui.mac.MacApplication.submitForLaterInvocation(Ljava/lang/Runnable;)V+2 javafx.graphics
j  com.sun.glass.ui.InvokeLaterDispatcher.run()V+82 javafx.graphics
v  ~StubRoutines::call_stub
V  [libjvm.dylib+0x3c3eff]  _ZN9JavaCalls11call_helperEP9JavaValueRK12methodHandleP17JavaCallArgumentsP6Thread+0x257
V  [libjvm.dylib+0x3c3349]  _ZN9JavaCalls12call_virtualEP9JavaValueP5KlassP6SymbolS5_P17JavaCallArgumentsP6Thread+0xd7
V  [libjvm.dylib+0x3c3400]  _ZN9JavaCalls12call_virtualEP9JavaValue6HandleP5KlassP6SymbolS6_P6Thread+0x62
V  [libjvm.dylib+0x4443dd]  _ZL12thread_entryP10JavaThreadP6Thread+0x78
V  [libjvm.dylib+0x785f57]  _ZN10JavaThread17thread_main_innerEv+0x89
V  [libjvm.dylib+0x785da2]  _ZN10JavaThread3runEv+0x12e
V  [libjvm.dylib+0x783d42]  _ZN6Thread8call_runEv+0x68
V  [libjvm.dylib+0x62e0e9]  _ZL19thread_native_entryP6Thread+0x12d
C  [libsystem_pthread.dylib+0x64f4]  _pthread_start+0x7d
C  [libsystem_pthread.dylib+0x200f]  thread_start+0xf

Java frames: (J=compiled Java code, j=interpreted, Vv=VM code)
j  com.sun.glass.ui.mac.MacApplication._submitForLaterInvocation(Ljava/lang/Runnable;)V+0 javafx.graphics
j  com.sun.glass.ui.mac.MacApplication.submitForLaterInvocation(Ljava/lang/Runnable;)V+2 javafx.graphics
j  com.sun.glass.ui.InvokeLaterDispatcher.run()V+82 javafx.graphics
v  ~StubRoutines::call_stub

---------------  P R O C E S S  ---------------

Threads class SMR info:
_java_thread_list=0x0000600002ab5140, length=22, elements={
0x00007f973a810000, 0x00007f973a0c2800, 0x00007f973d00a800, 0x00007f9739809000,
0x00007f9739809800, 0x00007f973980a800, 0x00007f973980e000, 0x00007f973d011800,
0x00007f973987d800, 0x00007f97398a9000, 0x00007f973a906800, 0x00007f973c057000,
0x00007f97399e6800, 0x00007f973d047800, 0x00007f973d919000, 0x00007f973d04b000,
0x00007f973aab6800, 0x00007f973a28e800, 0x00007f9739da6800, 0x00007f973a8ec000,
0x00007f973a2f2800, 0x00007f9741d20000
}

Java Threads: ( => current thread )
  0x00007f973a810000 JavaThread "main" [_thread_blocked, id=6403, stack(0x000070000cf8e000,0x000070000d08e000)]
  0x00007f973a0c2800 JavaThread "Reference Handler" daemon [_thread_blocked, id=14339, stack(0x000070000d6a3000,0x000070000d7a3000)]
  0x00007f973d00a800 JavaThread "Finalizer" daemon [_thread_blocked, id=15107, stack(0x000070000d7a6000,0x000070000d8a6000)]
  0x00007f9739809000 JavaThread "Signal Dispatcher" daemon [_thread_blocked, id=16387, stack(0x000070000d9af000,0x000070000daaf000)]
  0x00007f9739809800 JavaThread "Service Thread" daemon [_thread_blocked, id=43267, stack(0x000070000dab2000,0x000070000dbb2000)]
  0x00007f973980a800 JavaThread "C2 CompilerThread0" daemon [_thread_blocked, id=22275, stack(0x000070000dbb5000,0x000070000dcb5000)]
  0x00007f973980e000 JavaThread "C1 CompilerThread0" daemon [_thread_blocked, id=42243, stack(0x000070000dcb8000,0x000070000ddb8000)]
  0x00007f973d011800 JavaThread "Sweeper thread" daemon [_thread_blocked, id=41475, stack(0x000070000ddbb000,0x000070000debb000)]
  0x00007f973987d800 JavaThread "Common-Cleaner" daemon [_thread_blocked, id=22787, stack(0x000070000debe000,0x000070000dfbe000)]
  0x00007f97398a9000 JavaThread "Monitor Ctrl-Break" daemon [_thread_in_native, id=40707, stack(0x000070000dfc1000,0x000070000e0c1000)]
  0x00007f973a906800 JavaThread "JavaFX-Launcher" [_thread_blocked, id=40195, stack(0x000070000e1c7000,0x000070000e2c7000)]
  0x00007f973c057000 JavaThread "QuantumRenderer-0" daemon [_thread_blocked, id=24579, stack(0x000070000e2ca000,0x000070000e3ca000)]
=>0x00007f97399e6800 JavaThread "InvokeLaterDispatcher" daemon [_thread_in_native, id=36103, stack(0x000070000e3cd000,0x000070000e4cd000)]
  0x00007f973d047800 JavaThread "JavaFX Application Thread" [_thread_in_native, id=259, stack(0x00007ff7afcb9000,0x00007ff7b04b9000)]
  0x00007f973d919000 JavaThread "PulseTimer-CVDisplayLink thread" daemon [_thread_in_native, id=84239, stack(0x000070000e4d0000,0x000070000e550000)]
  0x00007f973d04b000 JavaThread "Prism Font Disposer" daemon [_thread_blocked, id=58371, stack(0x000070000ed71000,0x000070000ee71000)]
  0x00007f973aab6800 JavaThread "Thread-3" [_thread_blocked, id=71939, stack(0x000070000ee74000,0x000070000ef74000)]
  0x00007f973a28e800 JavaThread "Attach Listener" daemon [_thread_blocked, id=59395, stack(0x000070000ef77000,0x000070000f077000)]
  0x00007f9739da6800 JavaThread "Cleaner-0" daemon [_thread_blocked, id=130055, stack(0x000070000f383000,0x000070000f483000)]
  0x00007f973a8ec000 JavaThread "Thread-4" [_thread_blocked, id=128031, stack(0x000070000ec6e000,0x000070000ed6e000)]
  0x00007f973a2f2800 JavaThread "Thread-5" [_thread_in_Java, id=128791, stack(0x000070000f486000,0x000070000f586000)]
  0x00007f9741d20000 JavaThread "Thread-6" [_thread_blocked, id=69395, stack(0x000070000f589000,0x000070000f689000)]

Other Threads:
  0x00007f973d829000 VMThread "VM Thread" [stack: 0x000070000d5a0000,0x000070000d6a0000] [id=13571]
  0x00007f973b00a000 WatcherThread [stack: 0x000070000e0c4000,0x000070000e1c4000] [id=23555]
  0x00007f973d813000 GCTaskThread "GC Thread#0" [stack: 0x000070000d091000,0x000070000d191000] [id=11779]
  0x00007f973a281000 GCTaskThread "GC Thread#1" [stack: 0x000070000e75f000,0x000070000e85f000] [id=56579]
  0x00007f973a27a000 GCTaskThread "GC Thread#2" [stack: 0x000070000e862000,0x000070000e962000] [id=73987]
  0x00007f973d925000 GCTaskThread "GC Thread#3" [stack: 0x000070000e965000,0x000070000ea65000] [id=73475]
  0x00007f973d933800 GCTaskThread "GC Thread#4" [stack: 0x000070000ea68000,0x000070000eb68000] [id=72963]
  0x00007f973a27a800 GCTaskThread "GC Thread#5" [stack: 0x000070000eb6b000,0x000070000ec6b000] [id=57347]
  0x00007f973d116000 GCTaskThread "GC Thread#6" [stack: 0x000070000f07a000,0x000070000f17a000] [id=70919]
  0x00007f973d117000 GCTaskThread "GC Thread#7" [stack: 0x000070000f17d000,0x000070000f27d000] [id=59907]
  0x00007f973a84e800 ConcurrentGCThread "G1 Main Marker" [stack: 0x000070000d194000,0x000070000d294000] [id=12291]
  0x00007f973a00c800 ConcurrentGCThread "G1 Conc#0" [stack: 0x000070000d297000,0x000070000d397000] [id=20483]
  0x00007f973d117800 ConcurrentGCThread "G1 Conc#1" [stack: 0x000070000f280000,0x000070000f380000] [id=60419]
  0x00007f973a0ac800 ConcurrentGCThread "G1 Refine#0" [stack: 0x000070000d39a000,0x000070000d49a000] [id=12803]
  0x00007f973a84f800 ConcurrentGCThread "G1 Young RemSet Sampling" [stack: 0x000070000d49d000,0x000070000d59d000] [id=19715]

Threads with active compile tasks:

VM state:not at safepoint (normal execution)

VM Mutex/Monitor currently owned by a thread: None

Heap address: 0x0000000700000000, size: 4096 MB, Compressed Oops mode: Zero based, Oop shift amount: 3
Narrow klass base: 0x0000000800000000, Narrow klass shift: 0
Compressed class space size: 1073741824 Address: 0x0000000800000000

Heap:
 garbage-first heap   total 262144K, used 48814K [0x0000000700000000, 0x0000000800000000)
  region size 1024K, 35 young (35840K), 7 survivors (7168K)
 Metaspace       used 26653K, capacity 27741K, committed 28032K, reserved 1073152K
  class space    used 3478K, capacity 3957K, committed 3968K, reserved 1048576K
Heap Regions: E=young(eden), S=young(survivor), O=old, HS=humongous(starts), HC=humongous(continues), CS=collection set, F=free, A=archive, TAMS=top-at-mark-start (previous, next)
|   0|0x0000000700000000, 0x0000000700100000, 0x0000000700100000|100%|HS|  |TAMS 0x0000000700000000, 0x0000000700000000| Complete 
|   1|0x0000000700100000, 0x0000000700200000, 0x0000000700200000|100%|HC|  |TAMS 0x0000000700100000, 0x0000000700100000| Complete 
|   2|0x0000000700200000, 0x0000000700300000, 0x0000000700300000|100%|HS|  |TAMS 0x0000000700200000, 0x0000000700200000| Complete 
|   3|0x0000000700300000, 0x0000000700400000, 0x0000000700400000|100%|HC|  |TAMS 0x0000000700300000, 0x0000000700300000| Complete 
|   4|0x0000000700400000, 0x0000000700500000, 0x0000000700500000|100%|HS|  |TAMS 0x0000000700400000, 0x0000000700400000| Complete 
|   5|0x0000000700500000, 0x0000000700600000, 0x0000000700600000|100%|HC|  |TAMS 0x0000000700500000, 0x0000000700500000| Complete 
|   6|0x0000000700600000, 0x0000000700700000, 0x0000000700700000|100%|HS|  |TAMS 0x0000000700600000, 0x0000000700600000| Complete 
|   7|0x0000000700700000, 0x0000000700800000, 0x0000000700800000|100%|HC|  |TAMS 0x0000000700700000, 0x0000000700700000| Complete 
|   8|0x0000000700800000, 0x0000000700900000, 0x0000000700900000|100%|HS|  |TAMS 0x0000000700800000, 0x0000000700800000| Complete 
|   9|0x0000000700900000, 0x0000000700a00000, 0x0000000700a00000|100%|HC|  |TAMS 0x0000000700900000, 0x0000000700900000| Complete 
|  10|0x0000000700a00000, 0x0000000700b00000, 0x0000000700b00000|100%|HS|  |TAMS 0x0000000700a00000, 0x0000000700a00000| Complete 
|  11|0x0000000700b00000, 0x0000000700c00000, 0x0000000700c00000|100%|HC|  |TAMS 0x0000000700b00000, 0x0000000700b00000| Complete 
|  12|0x0000000700c00000, 0x0000000700d00000, 0x0000000700d00000|100%|HS|  |TAMS 0x0000000700c00000, 0x0000000700c00000| Complete 
|  13|0x0000000700d00000, 0x0000000700e00000, 0x0000000700e00000|100%|HC|  |TAMS 0x0000000700d00000, 0x0000000700d00000| Complete 
|  14|0x0000000700e00000, 0x0000000700e00000, 0x0000000700f00000|  0%| F|  |TAMS 0x0000000700e00000, 0x0000000700e00000| Untracked 
|  15|0x0000000700f00000, 0x0000000700f00000, 0x0000000701000000|  0%| F|  |TAMS 0x0000000700f00000, 0x0000000700f00000| Untracked 
|  16|0x0000000701000000, 0x0000000701000000, 0x0000000701100000|  0%| F|  |TAMS 0x0000000701000000, 0x0000000701000000| Untracked 
|  17|0x0000000701100000, 0x0000000701100000, 0x0000000701200000|  0%| F|  |TAMS 0x0000000701100000, 0x0000000701100000| Untracked 
|  18|0x0000000701200000, 0x0000000701200000, 0x0000000701300000|  0%| F|  |TAMS 0x0000000701200000, 0x0000000701200000| Untracked 
|  19|0x0000000701300000, 0x0000000701300000, 0x0000000701400000|  0%| F|  |TAMS 0x0000000701300000, 0x0000000701300000| Untracked 
|  20|0x0000000701400000, 0x0000000701400000, 0x0000000701500000|  0%| F|  |TAMS 0x0000000701400000, 0x0000000701400000| Untracked 
|  21|0x0000000701500000, 0x0000000701500000, 0x0000000701600000|  0%| F|  |TAMS 0x0000000701500000, 0x0000000701500000| Untracked 
|  22|0x0000000701600000, 0x0000000701600000, 0x0000000701700000|  0%| F|  |TAMS 0x0000000701600000, 0x0000000701600000| Untracked 
|  23|0x0000000701700000, 0x0000000701700000, 0x0000000701800000|  0%| F|  |TAMS 0x0000000701700000, 0x0000000701700000| Untracked 
|  24|0x0000000701800000, 0x0000000701800000, 0x0000000701900000|  0%| F|  |TAMS 0x0000000701800000, 0x0000000701800000| Untracked 
|  25|0x0000000701900000, 0x0000000701900000, 0x0000000701a00000|  0%| F|  |TAMS 0x0000000701900000, 0x0000000701900000| Untracked 
|  26|0x0000000701a00000, 0x0000000701a00000, 0x0000000701b00000|  0%| F|  |TAMS 0x0000000701a00000, 0x0000000701a00000| Untracked 
|  27|0x0000000701b00000, 0x0000000701b00000, 0x0000000701c00000|  0%| F|  |TAMS 0x0000000701b00000, 0x0000000701b00000| Untracked 
|  28|0x0000000701c00000, 0x0000000701c00000, 0x0000000701d00000|  0%| F|  |TAMS 0x0000000701c00000, 0x0000000701c00000| Untracked 
|  29|0x0000000701d00000, 0x0000000701d00000, 0x0000000701e00000|  0%| F|  |TAMS 0x0000000701d00000, 0x0000000701d00000| Untracked 
|  30|0x0000000701e00000, 0x0000000701e00000, 0x0000000701f00000|  0%| F|  |TAMS 0x0000000701e00000, 0x0000000701e00000| Untracked 
|  31|0x0000000701f00000, 0x0000000701f00000, 0x0000000702000000|  0%| F|  |TAMS 0x0000000701f00000, 0x0000000701f00000| Untracked 
|  32|0x0000000702000000, 0x0000000702000000, 0x0000000702100000|  0%| F|  |TAMS 0x0000000702000000, 0x0000000702000000| Untracked 
|  33|0x0000000702100000, 0x0000000702100000, 0x0000000702200000|  0%| F|  |TAMS 0x0000000702100000, 0x0000000702100000| Untracked 
|  34|0x0000000702200000, 0x0000000702200000, 0x0000000702300000|  0%| F|  |TAMS 0x0000000702200000, 0x0000000702200000| Untracked 
|  35|0x0000000702300000, 0x0000000702300000, 0x0000000702400000|  0%| F|  |TAMS 0x0000000702300000, 0x0000000702300000| Untracked 
|  36|0x0000000702400000, 0x0000000702400000, 0x0000000702500000|  0%| F|  |TAMS 0x0000000702400000, 0x0000000702400000| Untracked 
|  37|0x0000000702500000, 0x0000000702500000, 0x0000000702600000|  0%| F|  |TAMS 0x0000000702500000, 0x0000000702500000| Untracked 
|  38|0x0000000702600000, 0x0000000702600000, 0x0000000702700000|  0%| F|  |TAMS 0x0000000702600000, 0x0000000702600000| Untracked 
|  39|0x0000000702700000, 0x0000000702700000, 0x0000000702800000|  0%| F|  |TAMS 0x0000000702700000, 0x0000000702700000| Untracked 
|  40|0x0000000702800000, 0x0000000702800000, 0x0000000702900000|  0%| F|  |TAMS 0x0000000702800000, 0x0000000702800000| Untracked 
|  41|0x0000000702900000, 0x0000000702900000, 0x0000000702a00000|  0%| F|  |TAMS 0x0000000702900000, 0x0000000702900000| Untracked 
|  42|0x0000000702a00000, 0x0000000702a00000, 0x0000000702b00000|  0%| F|  |TAMS 0x0000000702a00000, 0x0000000702a00000| Untracked 
|  43|0x0000000702b00000, 0x0000000702b00000, 0x0000000702c00000|  0%| F|  |TAMS 0x0000000702b00000, 0x0000000702b00000| Untracked 
|  44|0x0000000702c00000, 0x0000000702c00000, 0x0000000702d00000|  0%| F|  |TAMS 0x0000000702c00000, 0x0000000702c00000| Untracked 
|  45|0x0000000702d00000, 0x0000000702d00000, 0x0000000702e00000|  0%| F|  |TAMS 0x0000000702d00000, 0x0000000702d00000| Untracked 
|  46|0x0000000702e00000, 0x0000000702e00000, 0x0000000702f00000|  0%| F|  |TAMS 0x0000000702e00000, 0x0000000702e00000| Untracked 
|  47|0x0000000702f00000, 0x0000000702f00000, 0x0000000703000000|  0%| F|  |TAMS 0x0000000702f00000, 0x0000000702f00000| Untracked 
|  48|0x0000000703000000, 0x0000000703000000, 0x0000000703100000|  0%| F|  |TAMS 0x0000000703000000, 0x0000000703000000| Untracked 
|  49|0x0000000703100000, 0x0000000703100000, 0x0000000703200000|  0%| F|  |TAMS 0x0000000703100000, 0x0000000703100000| Untracked 
|  50|0x0000000703200000, 0x0000000703200000, 0x0000000703300000|  0%| F|  |TAMS 0x0000000703200000, 0x0000000703200000| Untracked 
|  51|0x0000000703300000, 0x0000000703300000, 0x0000000703400000|  0%| F|  |TAMS 0x0000000703300000, 0x0000000703300000| Untracked 
|  52|0x0000000703400000, 0x0000000703400000, 0x0000000703500000|  0%| F|  |TAMS 0x0000000703400000, 0x0000000703400000| Untracked 
|  53|0x0000000703500000, 0x0000000703500000, 0x0000000703600000|  0%| F|  |TAMS 0x0000000703500000, 0x0000000703500000| Untracked 
|  54|0x0000000703600000, 0x0000000703600000, 0x0000000703700000|  0%| F|  |TAMS 0x0000000703600000, 0x0000000703600000| Untracked 
|  55|0x0000000703700000, 0x0000000703700000, 0x0000000703800000|  0%| F|  |TAMS 0x0000000703700000, 0x0000000703700000| Untracked 
|  56|0x0000000703800000, 0x0000000703800000, 0x0000000703900000|  0%| F|  |TAMS 0x0000000703800000, 0x0000000703800000| Untracked 
|  57|0x0000000703900000, 0x0000000703900000, 0x0000000703a00000|  0%| F|  |TAMS 0x0000000703900000, 0x0000000703900000| Untracked 
|  58|0x0000000703a00000, 0x0000000703a00000, 0x0000000703b00000|  0%| F|  |TAMS 0x0000000703a00000, 0x0000000703a00000| Untracked 
|  59|0x0000000703b00000, 0x0000000703b00000, 0x0000000703c00000|  0%| F|  |TAMS 0x0000000703b00000, 0x0000000703b00000| Untracked 
|  60|0x0000000703c00000, 0x0000000703c00000, 0x0000000703d00000|  0%| F|  |TAMS 0x0000000703c00000, 0x0000000703c00000| Untracked 
|  61|0x0000000703d00000, 0x0000000703d00000, 0x0000000703e00000|  0%| F|  |TAMS 0x0000000703d00000, 0x0000000703d00000| Untracked 
|  62|0x0000000703e00000, 0x0000000703e00000, 0x0000000703f00000|  0%| F|  |TAMS 0x0000000703e00000, 0x0000000703e00000| Untracked 
|  63|0x0000000703f00000, 0x0000000703f00000, 0x0000000704000000|  0%| F|  |TAMS 0x0000000703f00000, 0x0000000703f00000| Untracked 
|  64|0x0000000704000000, 0x0000000704000000, 0x0000000704100000|  0%| F|  |TAMS 0x0000000704000000, 0x0000000704000000| Untracked 
|  65|0x0000000704100000, 0x0000000704100000, 0x0000000704200000|  0%| F|  |TAMS 0x0000000704100000, 0x0000000704100000| Untracked 
|  66|0x0000000704200000, 0x0000000704200000, 0x0000000704300000|  0%| F|  |TAMS 0x0000000704200000, 0x0000000704200000| Untracked 
|  67|0x0000000704300000, 0x0000000704300000, 0x0000000704400000|  0%| F|  |TAMS 0x0000000704300000, 0x0000000704300000| Untracked 
|  68|0x0000000704400000, 0x0000000704400000, 0x0000000704500000|  0%| F|  |TAMS 0x0000000704400000, 0x0000000704400000| Untracked 
|  69|0x0000000704500000, 0x0000000704500000, 0x0000000704600000|  0%| F|  |TAMS 0x0000000704500000, 0x0000000704500000| Untracked 
|  70|0x0000000704600000, 0x0000000704600000, 0x0000000704700000|  0%| F|  |TAMS 0x0000000704600000, 0x0000000704600000| Untracked 
|  71|0x0000000704700000, 0x0000000704700000, 0x0000000704800000|  0%| F|  |TAMS 0x0000000704700000, 0x0000000704700000| Untracked 
|  72|0x0000000704800000, 0x0000000704800000, 0x0000000704900000|  0%| F|  |TAMS 0x0000000704800000, 0x0000000704800000| Untracked 
|  73|0x0000000704900000, 0x0000000704900000, 0x0000000704a00000|  0%| F|  |TAMS 0x0000000704900000, 0x0000000704900000| Untracked 
|  74|0x0000000704a00000, 0x0000000704a00000, 0x0000000704b00000|  0%| F|  |TAMS 0x0000000704a00000, 0x0000000704a00000| Untracked 
|  75|0x0000000704b00000, 0x0000000704b00000, 0x0000000704c00000|  0%| F|  |TAMS 0x0000000704b00000, 0x0000000704b00000| Untracked 
|  76|0x0000000704c00000, 0x0000000704c00000, 0x0000000704d00000|  0%| F|  |TAMS 0x0000000704c00000, 0x0000000704c00000| Untracked 
|  77|0x0000000704d00000, 0x0000000704d00000, 0x0000000704e00000|  0%| F|  |TAMS 0x0000000704d00000, 0x0000000704d00000| Untracked 
|  78|0x0000000704e00000, 0x0000000704e00000, 0x0000000704f00000|  0%| F|  |TAMS 0x0000000704e00000, 0x0000000704e00000| Untracked 
|  79|0x0000000704f00000, 0x0000000704f00000, 0x0000000705000000|  0%| F|  |TAMS 0x0000000704f00000, 0x0000000704f00000| Untracked 
|  80|0x0000000705000000, 0x0000000705000000, 0x0000000705100000|  0%| F|  |TAMS 0x0000000705000000, 0x0000000705000000| Untracked 
|  81|0x0000000705100000, 0x0000000705100000, 0x0000000705200000|  0%| F|  |TAMS 0x0000000705100000, 0x0000000705100000| Untracked 
|  82|0x0000000705200000, 0x0000000705200000, 0x0000000705300000|  0%| F|  |TAMS 0x0000000705200000, 0x0000000705200000| Untracked 
|  83|0x0000000705300000, 0x0000000705300000, 0x0000000705400000|  0%| F|  |TAMS 0x0000000705300000, 0x0000000705300000| Untracked 
|  84|0x0000000705400000, 0x0000000705400000, 0x0000000705500000|  0%| F|  |TAMS 0x0000000705400000, 0x0000000705400000| Untracked 
|  85|0x0000000705500000, 0x0000000705500000, 0x0000000705600000|  0%| F|  |TAMS 0x0000000705500000, 0x0000000705500000| Untracked 
|  86|0x0000000705600000, 0x0000000705600000, 0x0000000705700000|  0%| F|  |TAMS 0x0000000705600000, 0x0000000705600000| Untracked 
|  87|0x0000000705700000, 0x0000000705700000, 0x0000000705800000|  0%| F|  |TAMS 0x0000000705700000, 0x0000000705700000| Untracked 
|  88|0x0000000705800000, 0x0000000705800000, 0x0000000705900000|  0%| F|  |TAMS 0x0000000705800000, 0x0000000705800000| Untracked 
|  89|0x0000000705900000, 0x0000000705900000, 0x0000000705a00000|  0%| F|  |TAMS 0x0000000705900000, 0x0000000705900000| Untracked 
|  90|0x0000000705a00000, 0x0000000705a00000, 0x0000000705b00000|  0%| F|  |TAMS 0x0000000705a00000, 0x0000000705a00000| Untracked 
|  91|0x0000000705b00000, 0x0000000705b00000, 0x0000000705c00000|  0%| F|  |TAMS 0x0000000705b00000, 0x0000000705b00000| Untracked 
|  92|0x0000000705c00000, 0x0000000705c00000, 0x0000000705d00000|  0%| F|  |TAMS 0x0000000705c00000, 0x0000000705c00000| Untracked 
|  93|0x0000000705d00000, 0x0000000705d00000, 0x0000000705e00000|  0%| F|  |TAMS 0x0000000705d00000, 0x0000000705d00000| Untracked 
|  94|0x0000000705e00000, 0x0000000705e00000, 0x0000000705f00000|  0%| F|  |TAMS 0x0000000705e00000, 0x0000000705e00000| Untracked 
|  95|0x0000000705f00000, 0x0000000705f00000, 0x0000000706000000|  0%| F|  |TAMS 0x0000000705f00000, 0x0000000705f00000| Untracked 
|  96|0x0000000706000000, 0x0000000706000000, 0x0000000706100000|  0%| F|  |TAMS 0x0000000706000000, 0x0000000706000000| Untracked 
|  97|0x0000000706100000, 0x0000000706100000, 0x0000000706200000|  0%| F|  |TAMS 0x0000000706100000, 0x0000000706100000| Untracked 
|  98|0x0000000706200000, 0x0000000706200000, 0x0000000706300000|  0%| F|  |TAMS 0x0000000706200000, 0x0000000706200000| Untracked 
|  99|0x0000000706300000, 0x0000000706300000, 0x0000000706400000|  0%| F|  |TAMS 0x0000000706300000, 0x0000000706300000| Untracked 
| 100|0x0000000706400000, 0x0000000706400000, 0x0000000706500000|  0%| F|  |TAMS 0x0000000706400000, 0x0000000706400000| Untracked 
| 101|0x0000000706500000, 0x0000000706500000, 0x0000000706600000|  0%| F|  |TAMS 0x0000000706500000, 0x0000000706500000| Untracked 
| 102|0x0000000706600000, 0x0000000706600000, 0x0000000706700000|  0%| F|  |TAMS 0x0000000706600000, 0x0000000706600000| Untracked 
| 103|0x0000000706700000, 0x0000000706700000, 0x0000000706800000|  0%| F|  |TAMS 0x0000000706700000, 0x0000000706700000| Untracked 
| 104|0x0000000706800000, 0x0000000706800000, 0x0000000706900000|  0%| F|  |TAMS 0x0000000706800000, 0x0000000706800000| Untracked 
| 105|0x0000000706900000, 0x0000000706900000, 0x0000000706a00000|  0%| F|  |TAMS 0x0000000706900000, 0x0000000706900000| Untracked 
| 106|0x0000000706a00000, 0x0000000706a00000, 0x0000000706b00000|  0%| F|  |TAMS 0x0000000706a00000, 0x0000000706a00000| Untracked 
| 107|0x0000000706b00000, 0x0000000706b00000, 0x0000000706c00000|  0%| F|  |TAMS 0x0000000706b00000, 0x0000000706b00000| Untracked 
| 108|0x0000000706c00000, 0x0000000706c00000, 0x0000000706d00000|  0%| F|  |TAMS 0x0000000706c00000, 0x0000000706c00000| Untracked 
| 109|0x0000000706d00000, 0x0000000706d00000, 0x0000000706e00000|  0%| F|  |TAMS 0x0000000706d00000, 0x0000000706d00000| Untracked 
| 110|0x0000000706e00000, 0x0000000706e00000, 0x0000000706f00000|  0%| F|  |TAMS 0x0000000706e00000, 0x0000000706e00000| Untracked 
| 111|0x0000000706f00000, 0x0000000706f00000, 0x0000000707000000|  0%| F|  |TAMS 0x0000000706f00000, 0x0000000706f00000| Untracked 
| 112|0x0000000707000000, 0x0000000707000000, 0x0000000707100000|  0%| F|  |TAMS 0x0000000707000000, 0x0000000707000000| Untracked 
| 113|0x0000000707100000, 0x0000000707100000, 0x0000000707200000|  0%| F|  |TAMS 0x0000000707100000, 0x0000000707100000| Untracked 
| 114|0x0000000707200000, 0x0000000707200000, 0x0000000707300000|  0%| F|  |TAMS 0x0000000707200000, 0x0000000707200000| Untracked 
| 115|0x0000000707300000, 0x0000000707300000, 0x0000000707400000|  0%| F|  |TAMS 0x0000000707300000, 0x0000000707300000| Untracked 
| 116|0x0000000707400000, 0x0000000707400000, 0x0000000707500000|  0%| F|  |TAMS 0x0000000707400000, 0x0000000707400000| Untracked 
| 117|0x0000000707500000, 0x0000000707500000, 0x0000000707600000|  0%| F|  |TAMS 0x0000000707500000, 0x0000000707500000| Untracked 
| 118|0x0000000707600000, 0x0000000707600000, 0x0000000707700000|  0%| F|  |TAMS 0x0000000707600000, 0x0000000707600000| Untracked 
| 119|0x0000000707700000, 0x0000000707700000, 0x0000000707800000|  0%| F|  |TAMS 0x0000000707700000, 0x0000000707700000| Untracked 
| 120|0x0000000707800000, 0x0000000707800000, 0x0000000707900000|  0%| F|  |TAMS 0x0000000707800000, 0x0000000707800000| Untracked 
| 121|0x0000000707900000, 0x0000000707900000, 0x0000000707a00000|  0%| F|  |TAMS 0x0000000707900000, 0x0000000707900000| Untracked 
| 122|0x0000000707a00000, 0x0000000707a00000, 0x0000000707b00000|  0%| F|  |TAMS 0x0000000707a00000, 0x0000000707a00000| Untracked 
| 123|0x0000000707b00000, 0x0000000707b00000, 0x0000000707c00000|  0%| F|  |TAMS 0x0000000707b00000, 0x0000000707b00000| Untracked 
| 124|0x0000000707c00000, 0x0000000707c00000, 0x0000000707d00000|  0%| F|  |TAMS 0x0000000707c00000, 0x0000000707c00000| Untracked 
| 125|0x0000000707d00000, 0x0000000707d00000, 0x0000000707e00000|  0%| F|  |TAMS 0x0000000707d00000, 0x0000000707d00000| Untracked 
| 126|0x0000000707e00000, 0x0000000707e00000, 0x0000000707f00000|  0%| F|  |TAMS 0x0000000707e00000, 0x0000000707e00000| Untracked 
| 127|0x0000000707f00000, 0x0000000707f00000, 0x0000000708000000|  0%| F|  |TAMS 0x0000000707f00000, 0x0000000707f00000| Untracked 
| 128|0x0000000708000000, 0x0000000708000000, 0x0000000708100000|  0%| F|  |TAMS 0x0000000708000000, 0x0000000708000000| Untracked 
| 129|0x0000000708100000, 0x0000000708100000, 0x0000000708200000|  0%| F|  |TAMS 0x0000000708100000, 0x0000000708100000| Untracked 
| 130|0x0000000708200000, 0x0000000708200000, 0x0000000708300000|  0%| F|  |TAMS 0x0000000708200000, 0x0000000708200000| Untracked 
| 131|0x0000000708300000, 0x0000000708300000, 0x0000000708400000|  0%| F|  |TAMS 0x0000000708300000, 0x0000000708300000| Untracked 
| 132|0x0000000708400000, 0x0000000708400000, 0x0000000708500000|  0%| F|  |TAMS 0x0000000708400000, 0x0000000708400000| Untracked 
| 133|0x0000000708500000, 0x0000000708500000, 0x0000000708600000|  0%| F|  |TAMS 0x0000000708500000, 0x0000000708500000| Untracked 
| 134|0x0000000708600000, 0x0000000708600000, 0x0000000708700000|  0%| F|  |TAMS 0x0000000708600000, 0x0000000708600000| Untracked 
| 135|0x0000000708700000, 0x0000000708700000, 0x0000000708800000|  0%| F|  |TAMS 0x0000000708700000, 0x0000000708700000| Untracked 
| 136|0x0000000708800000, 0x0000000708800000, 0x0000000708900000|  0%| F|  |TAMS 0x0000000708800000, 0x0000000708800000| Untracked 
| 137|0x0000000708900000, 0x0000000708900000, 0x0000000708a00000|  0%| F|  |TAMS 0x0000000708900000, 0x0000000708900000| Untracked 
| 138|0x0000000708a00000, 0x0000000708a00000, 0x0000000708b00000|  0%| F|  |TAMS 0x0000000708a00000, 0x0000000708a00000| Untracked 
| 139|0x0000000708b00000, 0x0000000708b00000, 0x0000000708c00000|  0%| F|  |TAMS 0x0000000708b00000, 0x0000000708b00000| Untracked 
| 140|0x0000000708c00000, 0x0000000708c00000, 0x0000000708d00000|  0%| F|  |TAMS 0x0000000708c00000, 0x0000000708c00000| Untracked 
| 141|0x0000000708d00000, 0x0000000708d00000, 0x0000000708e00000|  0%| F|  |TAMS 0x0000000708d00000, 0x0000000708d00000| Untracked 
| 142|0x0000000708e00000, 0x0000000708e00000, 0x0000000708f00000|  0%| F|  |TAMS 0x0000000708e00000, 0x0000000708e00000| Untracked 
| 143|0x0000000708f00000, 0x0000000708f00000, 0x0000000709000000|  0%| F|  |TAMS 0x0000000708f00000, 0x0000000708f00000| Untracked 
| 144|0x0000000709000000, 0x0000000709000000, 0x0000000709100000|  0%| F|  |TAMS 0x0000000709000000, 0x0000000709000000| Untracked 
| 145|0x0000000709100000, 0x0000000709100000, 0x0000000709200000|  0%| F|  |TAMS 0x0000000709100000, 0x0000000709100000| Untracked 
| 146|0x0000000709200000, 0x0000000709200000, 0x0000000709300000|  0%| F|  |TAMS 0x0000000709200000, 0x0000000709200000| Untracked 
| 147|0x0000000709300000, 0x0000000709300000, 0x0000000709400000|  0%| F|  |TAMS 0x0000000709300000, 0x0000000709300000| Untracked 
| 148|0x0000000709400000, 0x0000000709400000, 0x0000000709500000|  0%| F|  |TAMS 0x0000000709400000, 0x0000000709400000| Untracked 
| 149|0x0000000709500000, 0x0000000709500000, 0x0000000709600000|  0%| F|  |TAMS 0x0000000709500000, 0x0000000709500000| Untracked 
| 150|0x0000000709600000, 0x0000000709600000, 0x0000000709700000|  0%| F|  |TAMS 0x0000000709600000, 0x0000000709600000| Untracked 
| 151|0x0000000709700000, 0x0000000709700000, 0x0000000709800000|  0%| F|  |TAMS 0x0000000709700000, 0x0000000709700000| Untracked 
| 152|0x0000000709800000, 0x0000000709800000, 0x0000000709900000|  0%| F|  |TAMS 0x0000000709800000, 0x0000000709800000| Untracked 
| 153|0x0000000709900000, 0x0000000709900000, 0x0000000709a00000|  0%| F|  |TAMS 0x0000000709900000, 0x0000000709900000| Untracked 
| 154|0x0000000709a00000, 0x0000000709a00000, 0x0000000709b00000|  0%| F|  |TAMS 0x0000000709a00000, 0x0000000709a00000| Untracked 
| 155|0x0000000709b00000, 0x0000000709b00000, 0x0000000709c00000|  0%| F|  |TAMS 0x0000000709b00000, 0x0000000709b00000| Untracked 
| 156|0x0000000709c00000, 0x0000000709c00000, 0x0000000709d00000|  0%| F|  |TAMS 0x0000000709c00000, 0x0000000709c00000| Untracked 
| 157|0x0000000709d00000, 0x0000000709d00000, 0x0000000709e00000|  0%| F|  |TAMS 0x0000000709d00000, 0x0000000709d00000| Untracked 
| 158|0x0000000709e00000, 0x0000000709e00000, 0x0000000709f00000|  0%| F|  |TAMS 0x0000000709e00000, 0x0000000709e00000| Untracked 
| 159|0x0000000709f00000, 0x0000000709f00000, 0x000000070a000000|  0%| F|  |TAMS 0x0000000709f00000, 0x0000000709f00000| Untracked 
| 160|0x000000070a000000, 0x000000070a000000, 0x000000070a100000|  0%| F|  |TAMS 0x000000070a000000, 0x000000070a000000| Untracked 
| 161|0x000000070a100000, 0x000000070a100000, 0x000000070a200000|  0%| F|  |TAMS 0x000000070a100000, 0x000000070a100000| Untracked 
| 162|0x000000070a200000, 0x000000070a200000, 0x000000070a300000|  0%| F|  |TAMS 0x000000070a200000, 0x000000070a200000| Untracked 
| 163|0x000000070a300000, 0x000000070a300000, 0x000000070a400000|  0%| F|  |TAMS 0x000000070a300000, 0x000000070a300000| Untracked 
| 164|0x000000070a400000, 0x000000070a400000, 0x000000070a500000|  0%| F|  |TAMS 0x000000070a400000, 0x000000070a400000| Untracked 
| 165|0x000000070a500000, 0x000000070a500000, 0x000000070a600000|  0%| F|  |TAMS 0x000000070a500000, 0x000000070a500000| Untracked 
| 166|0x000000070a600000, 0x000000070a600000, 0x000000070a700000|  0%| F|  |TAMS 0x000000070a600000, 0x000000070a600000| Untracked 
| 167|0x000000070a700000, 0x000000070a700000, 0x000000070a800000|  0%| F|  |TAMS 0x000000070a700000, 0x000000070a700000| Untracked 
| 168|0x000000070a800000, 0x000000070a800000, 0x000000070a900000|  0%| F|  |TAMS 0x000000070a800000, 0x000000070a800000| Untracked 
| 169|0x000000070a900000, 0x000000070a900000, 0x000000070aa00000|  0%| F|  |TAMS 0x000000070a900000, 0x000000070a900000| Untracked 
| 170|0x000000070aa00000, 0x000000070aa00000, 0x000000070ab00000|  0%| F|  |TAMS 0x000000070aa00000, 0x000000070aa00000| Untracked 
| 171|0x000000070ab00000, 0x000000070ab00000, 0x000000070ac00000|  0%| F|  |TAMS 0x000000070ab00000, 0x000000070ab00000| Untracked 
| 172|0x000000070ac00000, 0x000000070ac00000, 0x000000070ad00000|  0%| F|  |TAMS 0x000000070ac00000, 0x000000070ac00000| Untracked 
| 173|0x000000070ad00000, 0x000000070ad00000, 0x000000070ae00000|  0%| F|  |TAMS 0x000000070ad00000, 0x000000070ad00000| Untracked 
| 174|0x000000070ae00000, 0x000000070ae00000, 0x000000070af00000|  0%| F|  |TAMS 0x000000070ae00000, 0x000000070ae00000| Untracked 
| 175|0x000000070af00000, 0x000000070af00000, 0x000000070b000000|  0%| F|  |TAMS 0x000000070af00000, 0x000000070af00000| Untracked 
| 176|0x000000070b000000, 0x000000070b000000, 0x000000070b100000|  0%| F|  |TAMS 0x000000070b000000, 0x000000070b000000| Untracked 
| 177|0x000000070b100000, 0x000000070b100000, 0x000000070b200000|  0%| F|  |TAMS 0x000000070b100000, 0x000000070b100000| Untracked 
| 178|0x000000070b200000, 0x000000070b200000, 0x000000070b300000|  0%| F|  |TAMS 0x000000070b200000, 0x000000070b200000| Untracked 
| 179|0x000000070b300000, 0x000000070b300000, 0x000000070b400000|  0%| F|  |TAMS 0x000000070b300000, 0x000000070b300000| Untracked 
| 180|0x000000070b400000, 0x000000070b400000, 0x000000070b500000|  0%| F|  |TAMS 0x000000070b400000, 0x000000070b400000| Untracked 
| 181|0x000000070b500000, 0x000000070b500000, 0x000000070b600000|  0%| F|  |TAMS 0x000000070b500000, 0x000000070b500000| Untracked 
| 182|0x000000070b600000, 0x000000070b600000, 0x000000070b700000|  0%| F|  |TAMS 0x000000070b600000, 0x000000070b600000| Untracked 
| 183|0x000000070b700000, 0x000000070b700000, 0x000000070b800000|  0%| F|  |TAMS 0x000000070b700000, 0x000000070b700000| Untracked 
| 184|0x000000070b800000, 0x000000070b800000, 0x000000070b900000|  0%| F|  |TAMS 0x000000070b800000, 0x000000070b800000| Untracked 
| 185|0x000000070b900000, 0x000000070b900000, 0x000000070ba00000|  0%| F|  |TAMS 0x000000070b900000, 0x000000070b900000| Untracked 
| 186|0x000000070ba00000, 0x000000070ba00000, 0x000000070bb00000|  0%| F|  |TAMS 0x000000070ba00000, 0x000000070ba00000| Untracked 
| 187|0x000000070bb00000, 0x000000070bb00000, 0x000000070bc00000|  0%| F|  |TAMS 0x000000070bb00000, 0x000000070bb00000| Untracked 
| 188|0x000000070bc00000, 0x000000070bc00000, 0x000000070bd00000|  0%| F|  |TAMS 0x000000070bc00000, 0x000000070bc00000| Untracked 
| 189|0x000000070bd00000, 0x000000070bd00000, 0x000000070be00000|  0%| F|  |TAMS 0x000000070bd00000, 0x000000070bd00000| Untracked 
| 190|0x000000070be00000, 0x000000070be00000, 0x000000070bf00000|  0%| F|  |TAMS 0x000000070be00000, 0x000000070be00000| Untracked 
| 191|0x000000070bf00000, 0x000000070bf00000, 0x000000070c000000|  0%| F|  |TAMS 0x000000070bf00000, 0x000000070bf00000| Untracked 
| 192|0x000000070c000000, 0x000000070c000000, 0x000000070c100000|  0%| F|  |TAMS 0x000000070c000000, 0x000000070c000000| Untracked 
| 193|0x000000070c100000, 0x000000070c100000, 0x000000070c200000|  0%| F|  |TAMS 0x000000070c100000, 0x000000070c100000| Untracked 
| 194|0x000000070c200000, 0x000000070c200000, 0x000000070c300000|  0%| F|  |TAMS 0x000000070c200000, 0x000000070c200000| Untracked 
| 195|0x000000070c300000, 0x000000070c300000, 0x000000070c400000|  0%| F|  |TAMS 0x000000070c300000, 0x000000070c300000| Untracked 
| 196|0x000000070c400000, 0x000000070c400000, 0x000000070c500000|  0%| F|  |TAMS 0x000000070c400000, 0x000000070c400000| Untracked 
| 197|0x000000070c500000, 0x000000070c500000, 0x000000070c600000|  0%| F|  |TAMS 0x000000070c500000, 0x000000070c500000| Untracked 
| 198|0x000000070c600000, 0x000000070c600000, 0x000000070c700000|  0%| F|  |TAMS 0x000000070c600000, 0x000000070c600000| Untracked 
| 199|0x000000070c700000, 0x000000070c700000, 0x000000070c800000|  0%| F|  |TAMS 0x000000070c700000, 0x000000070c700000| Untracked 
| 200|0x000000070c800000, 0x000000070c800000, 0x000000070c900000|  0%| F|  |TAMS 0x000000070c800000, 0x000000070c800000| Untracked 
| 201|0x000000070c900000, 0x000000070c900000, 0x000000070ca00000|  0%| F|  |TAMS 0x000000070c900000, 0x000000070c900000| Untracked 
| 202|0x000000070ca00000, 0x000000070ca00000, 0x000000070cb00000|  0%| F|  |TAMS 0x000000070ca00000, 0x000000070ca00000| Untracked 
| 203|0x000000070cb00000, 0x000000070cb00000, 0x000000070cc00000|  0%| F|  |TAMS 0x000000070cb00000, 0x000000070cb00000| Untracked 
| 204|0x000000070cc00000, 0x000000070cc00000, 0x000000070cd00000|  0%| F|  |TAMS 0x000000070cc00000, 0x000000070cc00000| Untracked 
| 205|0x000000070cd00000, 0x000000070cd00000, 0x000000070ce00000|  0%| F|  |TAMS 0x000000070cd00000, 0x000000070cd00000| Untracked 
| 206|0x000000070ce00000, 0x000000070ce00000, 0x000000070cf00000|  0%| F|  |TAMS 0x000000070ce00000, 0x000000070ce00000| Untracked 
| 207|0x000000070cf00000, 0x000000070cf00000, 0x000000070d000000|  0%| F|  |TAMS 0x000000070cf00000, 0x000000070cf00000| Untracked 
| 208|0x000000070d000000, 0x000000070d000000, 0x000000070d100000|  0%| F|  |TAMS 0x000000070d000000, 0x000000070d000000| Untracked 
| 209|0x000000070d100000, 0x000000070d100000, 0x000000070d200000|  0%| F|  |TAMS 0x000000070d100000, 0x000000070d100000| Untracked 
| 210|0x000000070d200000, 0x000000070d200000, 0x000000070d300000|  0%| F|  |TAMS 0x000000070d200000, 0x000000070d200000| Untracked 
| 211|0x000000070d300000, 0x000000070d300000, 0x000000070d400000|  0%| F|  |TAMS 0x000000070d300000, 0x000000070d300000| Untracked 
| 212|0x000000070d400000, 0x000000070d400000, 0x000000070d500000|  0%| F|  |TAMS 0x000000070d400000, 0x000000070d400000| Untracked 
| 213|0x000000070d500000, 0x000000070d500000, 0x000000070d600000|  0%| F|  |TAMS 0x000000070d500000, 0x000000070d500000| Untracked 
| 214|0x000000070d600000, 0x000000070d600000, 0x000000070d700000|  0%| F|  |TAMS 0x000000070d600000, 0x000000070d600000| Untracked 
| 215|0x000000070d700000, 0x000000070d700000, 0x000000070d800000|  0%| F|  |TAMS 0x000000070d700000, 0x000000070d700000| Untracked 
| 216|0x000000070d800000, 0x000000070d800000, 0x000000070d900000|  0%| F|  |TAMS 0x000000070d800000, 0x000000070d800000| Untracked 
| 217|0x000000070d900000, 0x000000070d9abab0, 0x000000070da00000| 67%| S|CS|TAMS 0x000000070d900000, 0x000000070d900000| Complete 
| 218|0x000000070da00000, 0x000000070db00000, 0x000000070db00000|100%| S|CS|TAMS 0x000000070da00000, 0x000000070da00000| Complete 
| 219|0x000000070db00000, 0x000000070dc00000, 0x000000070dc00000|100%| S|CS|TAMS 0x000000070db00000, 0x000000070db00000| Complete 
| 220|0x000000070dc00000, 0x000000070dd00000, 0x000000070dd00000|100%| S|CS|TAMS 0x000000070dc00000, 0x000000070dc00000| Complete 
| 221|0x000000070dd00000, 0x000000070de00000, 0x000000070de00000|100%| S|CS|TAMS 0x000000070dd00000, 0x000000070dd00000| Complete 
| 222|0x000000070de00000, 0x000000070df00000, 0x000000070df00000|100%| S|CS|TAMS 0x000000070de00000, 0x000000070de00000| Complete 
| 223|0x000000070df00000, 0x000000070e000000, 0x000000070e000000|100%| S|CS|TAMS 0x000000070df00000, 0x000000070df00000| Complete 
| 224|0x000000070e000000, 0x000000070e000000, 0x000000070e100000|  0%| F|  |TAMS 0x000000070e000000, 0x000000070e000000| Untracked 
| 225|0x000000070e100000, 0x000000070e100000, 0x000000070e200000|  0%| F|  |TAMS 0x000000070e100000, 0x000000070e100000| Untracked 
| 226|0x000000070e200000, 0x000000070e200000, 0x000000070e300000|  0%| F|  |TAMS 0x000000070e200000, 0x000000070e200000| Untracked 
| 227|0x000000070e300000, 0x000000070e300000, 0x000000070e400000|  0%| F|  |TAMS 0x000000070e300000, 0x000000070e300000| Untracked 
| 228|0x000000070e400000, 0x000000070e480800, 0x000000070e500000| 50%| E|  |TAMS 0x000000070e400000, 0x000000070e400000| Complete 
| 229|0x000000070e500000, 0x000000070e600000, 0x000000070e600000|100%| E|CS|TAMS 0x000000070e500000, 0x000000070e500000| Complete 
| 230|0x000000070e600000, 0x000000070e700000, 0x000000070e700000|100%| E|CS|TAMS 0x000000070e600000, 0x000000070e600000| Complete 
| 231|0x000000070e700000, 0x000000070e800000, 0x000000070e800000|100%| E|CS|TAMS 0x000000070e700000, 0x000000070e700000| Complete 
| 232|0x000000070e800000, 0x000000070e900000, 0x000000070e900000|100%| E|CS|TAMS 0x000000070e800000, 0x000000070e800000| Complete 
| 233|0x000000070e900000, 0x000000070ea00000, 0x000000070ea00000|100%| E|CS|TAMS 0x000000070e900000, 0x000000070e900000| Complete 
| 234|0x000000070ea00000, 0x000000070eb00000, 0x000000070eb00000|100%| E|CS|TAMS 0x000000070ea00000, 0x000000070ea00000| Complete 
| 235|0x000000070eb00000, 0x000000070ec00000, 0x000000070ec00000|100%| E|CS|TAMS 0x000000070eb00000, 0x000000070eb00000| Complete 
| 236|0x000000070ec00000, 0x000000070ed00000, 0x000000070ed00000|100%| E|CS|TAMS 0x000000070ec00000, 0x000000070ec00000| Complete 
| 237|0x000000070ed00000, 0x000000070ee00000, 0x000000070ee00000|100%| E|CS|TAMS 0x000000070ed00000, 0x000000070ed00000| Complete 
| 238|0x000000070ee00000, 0x000000070ef00000, 0x000000070ef00000|100%| E|CS|TAMS 0x000000070ee00000, 0x000000070ee00000| Complete 
| 239|0x000000070ef00000, 0x000000070f000000, 0x000000070f000000|100%| E|CS|TAMS 0x000000070ef00000, 0x000000070ef00000| Complete 
| 240|0x000000070f000000, 0x000000070f100000, 0x000000070f100000|100%| E|CS|TAMS 0x000000070f000000, 0x000000070f000000| Complete 
| 241|0x000000070f100000, 0x000000070f200000, 0x000000070f200000|100%| E|CS|TAMS 0x000000070f100000, 0x000000070f100000| Complete 
| 242|0x000000070f200000, 0x000000070f300000, 0x000000070f300000|100%| E|CS|TAMS 0x000000070f200000, 0x000000070f200000| Complete 
| 243|0x000000070f300000, 0x000000070f400000, 0x000000070f400000|100%| E|CS|TAMS 0x000000070f300000, 0x000000070f300000| Complete 
| 244|0x000000070f400000, 0x000000070f500000, 0x000000070f500000|100%| E|CS|TAMS 0x000000070f400000, 0x000000070f400000| Complete 
| 245|0x000000070f500000, 0x000000070f600000, 0x000000070f600000|100%| E|CS|TAMS 0x000000070f500000, 0x000000070f500000| Complete 
| 246|0x000000070f600000, 0x000000070f700000, 0x000000070f700000|100%| E|CS|TAMS 0x000000070f600000, 0x000000070f600000| Complete 
| 247|0x000000070f700000, 0x000000070f800000, 0x000000070f800000|100%| E|CS|TAMS 0x000000070f700000, 0x000000070f700000| Complete 
| 248|0x000000070f800000, 0x000000070f900000, 0x000000070f900000|100%| E|CS|TAMS 0x000000070f800000, 0x000000070f800000| Complete 
| 249|0x000000070f900000, 0x000000070fa00000, 0x000000070fa00000|100%| E|CS|TAMS 0x000000070f900000, 0x000000070f900000| Complete 
| 250|0x000000070fa00000, 0x000000070fb00000, 0x000000070fb00000|100%| E|CS|TAMS 0x000000070fa00000, 0x000000070fa00000| Complete 
| 251|0x000000070fb00000, 0x000000070fc00000, 0x000000070fc00000|100%| E|CS|TAMS 0x000000070fb00000, 0x000000070fb00000| Complete 
| 252|0x000000070fc00000, 0x000000070fd00000, 0x000000070fd00000|100%| E|CS|TAMS 0x000000070fc00000, 0x000000070fc00000| Complete 
| 253|0x000000070fd00000, 0x000000070fe00000, 0x000000070fe00000|100%| E|CS|TAMS 0x000000070fd00000, 0x000000070fd00000| Complete 
| 254|0x000000070fe00000, 0x000000070ff00000, 0x000000070ff00000|100%| E|CS|TAMS 0x000000070fe00000, 0x000000070fe00000| Complete 
| 255|0x000000070ff00000, 0x0000000710000000, 0x0000000710000000|100%| E|CS|TAMS 0x000000070ff00000, 0x000000070ff00000| Complete 

Card table byte_map: [0x0000000111712000,0x0000000111f12000] _byte_map_base: 0x000000010df12000

Marking Bits (Prev, Next): (CMBitMap*) 0x00007f973a83de50, (CMBitMap*) 0x00007f973a83de18
 Prev Bits: [0x00000001306f9000, 0x00000001346f9000)
 Next Bits: [0x000000012c6f9000, 0x00000001306f9000)

Polling page: 0x000000010fb96000

Metaspace:

Usage:
  Non-class:     23.23 MB capacity,    22.63 MB ( 97%) used,   483.51 KB (  2%) free+waste,   125.44 KB ( <1%) overhead. 
      Class:      3.86 MB capacity,     3.40 MB ( 88%) used,   414.64 KB ( 10%) free+waste,    63.88 KB (  2%) overhead. 
       Both:     27.09 MB capacity,    26.03 MB ( 96%) used,   898.15 KB (  3%) free+waste,   189.31 KB ( <1%) overhead. 

Virtual space:
  Non-class space:       24.00 MB reserved,      23.50 MB ( 98%) committed 
      Class space:        1.00 GB reserved,       3.88 MB ( <1%) committed 
             Both:        1.02 GB reserved,      27.38 MB (  3%) committed 

Chunk freelists:
   Non-Class:  56.00 KB
       Class:  11.00 KB
        Both:  67.00 KB

MaxMetaspaceSize: unlimited
CompressedClassSpaceSize: 1.00 GB
Initial GC threshold: 20.80 MB
Current GC threshold: 35.00 MB
CDS: off

CodeHeap 'non-profiled nmethods': size=120032Kb used=1680Kb max_used=1680Kb free=118351Kb
 bounds [0x00000001251c1000, 0x0000000125431000, 0x000000012c6f9000]
CodeHeap 'profiled nmethods': size=120028Kb used=6738Kb max_used=6738Kb free=113289Kb
 bounds [0x000000011dc8a000, 0x000000011e32a000, 0x00000001251c1000]
CodeHeap 'non-nmethods': size=5700Kb used=1453Kb max_used=1502Kb free=4246Kb
 bounds [0x000000011d6f9000, 0x000000011d969000, 0x000000011dc8a000]
 total_blobs=4267 nmethods=3466 adapters=713
 compilation: enabled
              stopped_count=0, restarted_count=0
 full_count=0

Compilation events (20 events):
Event: 7.570 Thread 0x00007f973980e000 nmethod 3488 0x000000011e319f90 code [0x000000011e31a180, 0x000000011e31a4e0]
Event: 7.850 Thread 0x00007f973980e000 3489       3       com.sun.scenario.animation.shared.GeneralClipInterpolator::interpolate (143 bytes)
Event: 7.850 Thread 0x00007f973980e000 nmethod 3489 0x000000011e31a690 code [0x000000011e31a8c0, 0x000000011e31ae80]
Event: 7.861 Thread 0x00007f973980e000 3490       1       com.sun.javafx.stage.WindowEventDispatcher::getLastDispatcher (5 bytes)
Event: 7.861 Thread 0x00007f973980e000 nmethod 3490 0x0000000125363890 code [0x0000000125363a40, 0x0000000125363af0]
Event: 7.867 Thread 0x00007f973980e000 3491  s    1       com.sun.scenario.effect.impl.prism.ps.PPSRenderer::getRendererState (5 bytes)
Event: 7.867 Thread 0x00007f973980e000 nmethod 3491 0x0000000125363b90 code [0x0000000125363d40, 0x0000000125363f90]
Event: 7.868 Thread 0x00007f973980e000 3492       3       com.sun.javafx.sg.prism.NGRegion::renderBackgroundRectanglesDirectly (345 bytes)
Event: 7.868 Thread 0x00007f973980a800 3493       4       com.sun.prism.impl.VertexBuffer::flush (32 bytes)
Event: 7.870 Thread 0x00007f973980e000 nmethod 3492 0x000000011e31b190 code [0x000000011e31b480, 0x000000011e31c7a0]
Event: 7.870 Thread 0x00007f973980e000 3494       1       com.sun.scenario.effect.FilterContext::getReferent (5 bytes)
Event: 7.870 Thread 0x00007f973980e000 nmethod 3494 0x0000000125364010 code [0x00000001253641c0, 0x0000000125364270]
Event: 7.870 Thread 0x00007f973980e000 3495       3       com.sun.javafx.sg.prism.NGNode::computeBounds (19 bytes)
Event: 7.870 Thread 0x00007f973980e000 nmethod 3495 0x000000011e31cd10 code [0x000000011e31cee0, 0x000000011e31d190]
Event: 7.871 Thread 0x00007f973980a800 nmethod 3493 0x0000000125364310 code [0x00000001253644e0, 0x0000000125364778]
Event: 7.871 Thread 0x00007f973980a800 3496       4       com.sun.prism.impl.VertexBuffer::addVertNoCheck (102 bytes)
Event: 7.873 Thread 0x00007f973980a800 nmethod 3496 0x0000000125364a90 code [0x0000000125364c20, 0x0000000125364e38]
Event: 7.873 Thread 0x00007f973980a800 3497       4       com.sun.javafx.UnmodifiableArrayList::get (7 bytes)
Event: 7.873 Thread 0x00007f973980a800 nmethod 3497 0x0000000125365010 code [0x00000001253651a0, 0x0000000125365238]
Event: 7.916 Thread 0x00007f973980e000 3498       3       java.util.concurrent.locks.AbstractQueuedSynchronizer::transferForSignal (45 bytes)

GC Heap History (4 events):
Event: 0.674 GC heap before
{Heap before GC invocations=0 (full 0):
 garbage-first heap   total 262144K, used 23552K [0x0000000700000000, 0x0000000800000000)
  region size 1024K, 24 young (24576K), 0 survivors (0K)
 Metaspace       used 12199K, capacity 12560K, committed 12800K, reserved 1060864K
  class space    used 1305K, capacity 1469K, committed 1536K, reserved 1048576K
}
Event: 0.677 GC heap after
{Heap after GC invocations=1 (full 0):
 garbage-first heap   total 262144K, used 2661K [0x0000000700000000, 0x0000000800000000)
  region size 1024K, 3 young (3072K), 3 survivors (3072K)
 Metaspace       used 12199K, capacity 12560K, committed 12800K, reserved 1060864K
  class space    used 1305K, capacity 1469K, committed 1536K, reserved 1048576K
}
Event: 1.326 GC heap before
{Heap before GC invocations=1 (full 0):
 garbage-first heap   total 262144K, used 31333K [0x0000000700000000, 0x0000000800000000)
  region size 1024K, 32 young (32768K), 3 survivors (3072K)
 Metaspace       used 20334K, capacity 21104K, committed 21248K, reserved 1067008K
  class space    used 2629K, capacity 2957K, committed 3072K, reserved 1048576K
}
Event: 1.335 GC heap after
{Heap after GC invocations=2 (full 0):
 garbage-first heap   total 262144K, used 6830K [0x0000000700000000, 0x0000000800000000)
  region size 1024K, 7 young (7168K), 7 survivors (7168K)
 Metaspace       used 20334K, capacity 21104K, committed 21248K, reserved 1067008K
  class space    used 2629K, capacity 2957K, committed 3072K, reserved 1048576K
}

Deoptimization events (20 events):
Event: 5.537 Thread 0x00007f973d047800 Uncommon trap: trap_request=0xffffffd6 fr.pc=0x0000000125346590 relative=0x00000000000002b0
Event: 5.537 Thread 0x00007f973d047800 Uncommon trap: reason=array_check action=maybe_recompile pc=0x0000000125346590 method=javafx.css.SimpleSelector.applies(Ljavafx/css/Styleable;[Ljava/util/Set;I)Z @ 37 c2
Event: 5.537 Thread 0x00007f973d047800 DEOPT PACKING pc=0x0000000125346590 sp=0x00007ff7b04b1990
Event: 5.537 Thread 0x00007f973d047800 DEOPT UNPACKING pc=0x000000011d742ea5 sp=0x00007ff7b04b1938 mode 2
Event: 5.537 Thread 0x00007f973d047800 Uncommon trap: trap_request=0xffffffd6 fr.pc=0x00000001253424d4 relative=0x0000000000000f34
Event: 5.537 Thread 0x00007f973d047800 Uncommon trap: reason=array_check action=maybe_recompile pc=0x00000001253424d4 method=javafx.css.SimpleSelector.applies(Ljavafx/css/Styleable;[Ljava/util/Set;I)Z @ 37 c2
Event: 5.537 Thread 0x00007f973d047800 DEOPT PACKING pc=0x00000001253424d4 sp=0x00007ff7b04b18c0
Event: 5.537 Thread 0x00007f973d047800 DEOPT UNPACKING pc=0x000000011d742ea5 sp=0x00007ff7b04b1820 mode 2
Event: 5.537 Thread 0x00007f973d047800 Uncommon trap: trap_request=0xffffffd6 fr.pc=0x00000001253424d4 relative=0x0000000000000f34
Event: 5.537 Thread 0x00007f973d047800 Uncommon trap: reason=array_check action=maybe_recompile pc=0x00000001253424d4 method=javafx.css.SimpleSelector.applies(Ljavafx/css/Styleable;[Ljava/util/Set;I)Z @ 37 c2
Event: 5.537 Thread 0x00007f973d047800 DEOPT PACKING pc=0x00000001253424d4 sp=0x00007ff7b04b18c0
Event: 5.537 Thread 0x00007f973d047800 DEOPT UNPACKING pc=0x000000011d742ea5 sp=0x00007ff7b04b1820 mode 2
Event: 5.537 Thread 0x00007f973d047800 Uncommon trap: trap_request=0xffffffd6 fr.pc=0x0000000125346590 relative=0x00000000000002b0
Event: 5.537 Thread 0x00007f973d047800 Uncommon trap: reason=array_check action=maybe_recompile pc=0x0000000125346590 method=javafx.css.SimpleSelector.applies(Ljavafx/css/Styleable;[Ljava/util/Set;I)Z @ 37 c2
Event: 5.537 Thread 0x00007f973d047800 DEOPT PACKING pc=0x0000000125346590 sp=0x00007ff7b04b1850
Event: 5.537 Thread 0x00007f973d047800 DEOPT UNPACKING pc=0x000000011d742ea5 sp=0x00007ff7b04b1818 mode 2
Event: 5.545 Thread 0x00007f973c057000 Uncommon trap: trap_request=0xffffff4d fr.pc=0x00000001252c0428 relative=0x0000000000000088
Event: 5.545 Thread 0x00007f973c057000 Uncommon trap: reason=unstable_if action=reinterpret pc=0x00000001252c0428 method=com.sun.javafx.geom.RectBounds.isEmpty()Z @ 21 c2
Event: 5.545 Thread 0x00007f973c057000 DEOPT PACKING pc=0x00000001252c0428 sp=0x000070000e3c5120
Event: 5.545 Thread 0x00007f973c057000 DEOPT UNPACKING pc=0x000000011d742ea5 sp=0x000070000e3c50d0 mode 2

Classes redefined (0 events):
No events

Internal exceptions (20 events):
Event: 0.773 Thread 0x00007f973d047800 Exception <a 'java/lang/NoSuchMethodError'{0x000000070f7220e0}: 'java.lang.Object java.lang.invoke.DirectMethodHandle$Holder.invokeStatic(java.lang.Object, java.lang.Object, java.lang.Object, java.lang.Object, java.lang.Object, java.lang.Object, java.lang.Object, java.lang.Object, java.lang.Object, java.lang.Object, java.lang.Object, int, int, java.lang.Object, java.lang.Object)'> (0x000000070f7220e0) thrown at [src/hotspot/share/interpreter/linkResolver.cpp, line 773]
Event: 0.935 Thread 0x00007f973d047800 Exception <a 'java/lang/NoSuchMethodError'{0x000000070f7cb4f8}: 'java.lang.Object java.lang.invoke.Invokers$Holder.linkToTargetMethod(java.lang.Object, int, java.lang.Object)'> (0x000000070f7cb4f8) thrown at [src/hotspot/share/interpreter/linkResolver.cpp, line 773]
Event: 1.002 Thread 0x00007f973d047800 Exception <a 'java/lang/NoSuchMethodError'{0x000000070f3f0e88}: 'void java.lang.invoke.DirectMethodHandle$Holder.invokeStaticInit(java.lang.Object, java.lang.Object)'> (0x000000070f3f0e88) thrown at [src/hotspot/share/interpreter/linkResolver.cpp, line 773]
Event: 1.020 Thread 0x00007f973d047800 Implicit null exception at 0x000000012522db15 to 0x000000012522e0a0
Event: 1.031 Thread 0x00007f973d047800 Implicit null exception at 0x00000001251e444f to 0x00000001251e45dc
Event: 1.233 Thread 0x00007f973d047800 Exception <a 'java/lang/NoSuchMethodError'{0x000000070e45d020}: 'java.lang.Object java.lang.invoke.DirectMethodHandle$Holder.invokeInterface(java.lang.Object, java.lang.Object, java.lang.Object)'> (0x000000070e45d020) thrown at [src/hotspot/share/interpreter/linkResolver.cpp, line 773]
Event: 1.233 Thread 0x00007f973d047800 Exception <a 'java/lang/IncompatibleClassChangeError'{0x000000070e4601d8}: Found class java.lang.Object, but interface was expected> (0x000000070e4601d8) thrown at [src/hotspot/share/interpreter/linkResolver.cpp, line 839]
Event: 1.264 Thread 0x00007f973d047800 Exception <a 'java/lang/NoSuchMethodError'{0x000000070e3aea00}: 'void java.lang.invoke.DirectMethodHandle$Holder.invokeSpecialIFC(java.lang.Object, java.lang.Object, java.lang.Object, java.lang.Object)'> (0x000000070e3aea00) thrown at [src/hotspot/share/interpreter/linkResolver.cpp, line 773]
Event: 1.271 Thread 0x00007f973d047800 Exception <a 'java/lang/ClassNotFoundException'{0x000000070e3f1fa8}: com/sun/javafx/scene/control/skin/resources/controls> (0x000000070e3f1fa8) thrown at [src/hotspot/share/prims/jni.cpp, line 637]
Event: 1.272 Thread 0x00007f973d047800 Exception <a 'java/lang/ClassNotFoundException'{0x000000070e200048}: com/sun/javafx/scene/control/skin/resources/controls_en> (0x000000070e200048) thrown at [src/hotspot/share/prims/jni.cpp, line 637]
Event: 1.272 Thread 0x00007f973d047800 Exception <a 'java/lang/ClassNotFoundException'{0x000000070e201f78}: com/sun/javafx/scene/control/skin/resources/controls_en_GB> (0x000000070e201f78) thrown at [src/hotspot/share/prims/jni.cpp, line 637]
Event: 1.596 Thread 0x00007f973c057000 Exception <a 'java/lang/NoSuchMethodError'{0x000000070f65f780}: 'int java.lang.invoke.DirectMethodHandle$Holder.invokeStaticInit(java.lang.Object, java.lang.Object)'> (0x000000070f65f780) thrown at [src/hotspot/share/interpreter/linkResolver.cpp, line 773]
Event: 1.604 Thread 0x00007f973d047800 Exception <a 'java/lang/NoSuchMethodError'{0x000000070f7d8940}: 'long java.lang.invoke.DirectMethodHandle$Holder.invokeStaticInit(java.lang.Object, java.lang.Object, java.lang.Object)'> (0x000000070f7d8940) thrown at [src/hotspot/share/interpreter/linkResolver.cpp, line 773]
Event: 1.606 Thread 0x00007f973d047800 Exception <a 'java/lang/NoSuchMethodError'{0x000000070f7f0e48}: 'java.lang.Object java.lang.invoke.DirectMethodHandle$Holder.invokeStatic(java.lang.Object, java.lang.Object, long)'> (0x000000070f7f0e48) thrown at [src/hotspot/share/interpreter/linkResolver.cpp, line 773]
Event: 1.607 Thread 0x00007f973d047800 Exception <a 'java/lang/NoSuchMethodError'{0x000000070f7f6fc0}: 'java.lang.Object java.lang.invoke.Invokers$Holder.linkToTargetMethod(java.lang.Object, long, java.lang.Object)'> (0x000000070f7f6fc0) thrown at [src/hotspot/share/interpreter/linkResolver.cpp, line 773]
Event: 2.154 Thread 0x00007f973d047800 Exception <a 'java/lang/NoSuchMethodError'{0x000000070f2d7658}: 'java.lang.Object java.lang.invoke.DirectMethodHandle$Holder.invokeStatic(java.lang.Object, java.lang.Object, long, int, int, int)'> (0x000000070f2d7658) thrown at [src/hotspot/share/interpreter/linkResolver.cpp, line 773]
Event: 2.155 Thread 0x00007f973d047800 Exception <a 'java/lang/NoSuchMethodError'{0x000000070f2eb2c0}: 'java.lang.Object java.lang.invoke.DirectMethodHandle$Holder.invokeStatic(java.lang.Object, java.lang.Object, int, java.lang.Object, long, int, int, int, int)'> (0x000000070f2eb2c0) thrown at [src/hotspot/share/interpreter/linkResolver.cpp, line 773]
Event: 4.247 Thread 0x00007f973d047800 Exception <a 'java/lang/NoSuchMethodError'{0x000000070e8afa20}: 'java.lang.Object java.lang.invoke.DirectMethodHandle$Holder.invokeStatic(java.lang.Object, java.lang.Object, int, int, int, int, int, java.lang.Object)'> (0x000000070e8afa20) thrown at [src/hotspot/share/interpreter/linkResolver.cpp, line 773]
Event: 4.247 Thread 0x00007f973d047800 Exception <a 'java/lang/NoSuchMethodError'{0x000000070e8c03e8}: 'java.lang.Object java.lang.invoke.DirectMethodHandle$Holder.invokeStatic(java.lang.Object, java.lang.Object, java.lang.Object, int, int, int, int, int)'> (0x000000070e8c03e8) thrown at [src/hotspot/share/interpreter/linkResolver.cpp, line 773]
Event: 4.248 Thread 0x00007f973d047800 Exception <a 'java/lang/NoSuchMethodError'{0x000000070e8c6c58}: 'java.lang.Object java.lang.invoke.Invokers$Holder.linkToTargetMethod(java.lang.Object, java.lang.Object, int, int, int, int, int, java.lang.Object)'> (0x000000070e8c6c58) thrown at [src/hotspot/share/interpreter/linkResolver.cpp, line 773]

Events (20 events):
Event: 4.317 loading class RAF/KiDSDomaci1/view/FileInputView done
Event: 4.317 loading class javafx/event/ActionEvent
Event: 4.317 loading class javafx/event/ActionEvent done
Event: 4.317 loading class RAF/KiDSDomaci1/view/FileInputView
Event: 4.317 loading class RAF/KiDSDomaci1/view/FileInputView done
Event: 4.317 loading class javafx/event/ActionEvent
Event: 4.317 loading class javafx/event/ActionEvent done
Event: 4.317 loading class RAF/KiDSDomaci1/view/FileInputView
Event: 4.317 loading class RAF/KiDSDomaci1/view/FileInputView done
Event: 4.317 loading class javafx/event/ActionEvent
Event: 4.317 loading class javafx/event/ActionEvent done
Event: 4.317 loading class RAF/KiDSDomaci1/view/FileInputView
Event: 4.317 loading class RAF/KiDSDomaci1/view/FileInputView done
Event: 4.318 Thread 0x00007f973a2f2800 Thread added: 0x00007f973a2f2800
Event: 4.318 Protecting memory [0x000070000f486000,0x000070000f48a000] with protection modes 0
Event: 4.318 Thread 0x00007f9741d20000 Thread added: 0x00007f9741d20000
Event: 4.318 Protecting memory [0x000070000f589000,0x000070000f58d000] with protection modes 0
Event: 4.357 Loaded shared library /Users/dsejat/.openjfx/cache/13/libprism_es2.dylib
Event: 5.251 Loaded shared library /Users/dsejat/.openjfx/cache/13/libprism_es2.dylib
Event: 6.258 Loaded shared library /Users/dsejat/.openjfx/cache/13/libprism_es2.dylib


Dynamic libraries:
0x000000010fb70000 	/Users/dsejat/Library/Java/JavaVirtualMachines/corretto-11.0.14.1/Contents/Home/lib/jli/libjli.dylib
0x00007ff81d7c3000 	/System/Library/Frameworks/Cocoa.framework/Versions/A/Cocoa
0x00007ff809634000 	/System/Library/Frameworks/AppKit.framework/Versions/C/AppKit
0x00007ff80cb30000 	/System/Library/Frameworks/CoreData.framework/Versions/A/CoreData
0x00007ff807a4b000 	/System/Library/Frameworks/Foundation.framework/Versions/C/Foundation
0x00007ff8118f8000 	/usr/lib/libSystem.B.dylib
0x00007ff80a4c6000 	/System/Library/PrivateFrameworks/UIFoundation.framework/Versions/A/UIFoundation
0x00007ff81776f000 	/System/Library/PrivateFrameworks/RemoteViewServices.framework/Versions/A/RemoteViewServices
0x00007ff80fb5a000 	/System/Library/PrivateFrameworks/XCTTargetBootstrap.framework/Versions/A/XCTTargetBootstrap
0x00007ff813708000 	/System/Library/PrivateFrameworks/InternationalSupport.framework/Versions/A/InternationalSupport
0x00007ff813792000 	/System/Library/PrivateFrameworks/UserActivity.framework/Versions/A/UserActivity
0x00007ff812ae8000 	/usr/lib/libspindump.dylib
0x00007ff80a754000 	/System/Library/Frameworks/UniformTypeIdentifiers.framework/Versions/A/UniformTypeIdentifiers
0x00007ff80e293000 	/usr/lib/libapp_launch_measurement.dylib
0x00007ff80d4fc000 	/System/Library/PrivateFrameworks/CoreAnalytics.framework/Versions/A/CoreAnalytics
0x00007ff80e296000 	/System/Library/PrivateFrameworks/CoreAutoLayout.framework/Versions/A/CoreAutoLayout
0x00007ff80f4b6000 	/System/Library/Frameworks/Metal.framework/Versions/A/Metal
0x00007ff8101d0000 	/usr/lib/liblangid.dylib
0x00007ff80fb5e000 	/System/Library/PrivateFrameworks/CoreSVG.framework/Versions/A/CoreSVG
0x00007ff80bb1b000 	/System/Library/PrivateFrameworks/SkyLight.framework/Versions/A/SkyLight
0x00007ff80beb1000 	/System/Library/Frameworks/CoreGraphics.framework/Versions/A/CoreGraphics
0x00007ff817dde000 	/System/Library/Frameworks/Accelerate.framework/Versions/A/Accelerate
0x00007ff812563000 	/System/Library/PrivateFrameworks/IconServices.framework/Versions/A/IconServices
0x00007ff80f49b000 	/System/Library/Frameworks/IOSurface.framework/Versions/A/IOSurface
0x00007ff80d52a000 	/usr/lib/libDiagnosticMessagesClient.dylib
0x00007ff811818000 	/usr/lib/libz.1.dylib
0x00007ff81b44f000 	/System/Library/Frameworks/ApplicationServices.framework/Versions/A/ApplicationServices
0x00007ff80fb46000 	/System/Library/PrivateFrameworks/DFRFoundation.framework/Versions/A/DFRFoundation
0x00007ff808f25000 	/usr/lib/libicucore.A.dylib
0x00007ff81442d000 	/System/Library/Frameworks/AudioToolbox.framework/Versions/A/AudioToolbox
0x00007ff813714000 	/System/Library/PrivateFrameworks/DataDetectorsCore.framework/Versions/A/DataDetectorsCore
0x00007ff90f06c000 	/System/Library/PrivateFrameworks/TextInput.framework/Versions/A/TextInput
0x00007ff80ba9f000 	/usr/lib/libMobileGestalt.dylib
0x00007ff80f84e000 	/System/Library/Frameworks/Carbon.framework/Versions/A/Frameworks/HIToolbox.framework/Versions/A/HIToolbox
0x00007ff80dcc0000 	/System/Library/Frameworks/QuartzCore.framework/Versions/A/QuartzCore
0x00007ff808bc5000 	/System/Library/Frameworks/Security.framework/Versions/A/Security
0x00007ff8177a7000 	/System/Library/Frameworks/Carbon.framework/Versions/A/Frameworks/SpeechRecognition.framework/Versions/A/SpeechRecognition
0x00007ff80dff3000 	/System/Library/PrivateFrameworks/CoreUI.framework/Versions/A/CoreUI
0x00007ff80849d000 	/System/Library/Frameworks/CoreAudio.framework/Versions/A/CoreAudio
0x00007ff80d618000 	/System/Library/Frameworks/DiskArbitration.framework/Versions/A/DiskArbitration
0x00007ff812ecf000 	/System/Library/PrivateFrameworks/MultitouchSupport.framework/Versions/A/MultitouchSupport
0x00007ff80ba9e000 	/usr/lib/libenergytrace.dylib
0x00007ff809520000 	/System/Library/Frameworks/IOKit.framework/Versions/A/IOKit
0x00007ff817b93000 	/System/Library/Frameworks/CoreServices.framework/Versions/A/CoreServices
0x00007ff80e22d000 	/System/Library/PrivateFrameworks/PerformanceAnalysis.framework/Versions/A/PerformanceAnalysis
0x00007ffa1e83c000 	/System/Library/Frameworks/OpenGL.framework/Versions/A/OpenGL
0x00007ff810e45000 	/System/Library/PrivateFrameworks/MobileKeyBag.framework/Versions/A/MobileKeyBag
0x00007ff806a0c000 	/usr/lib/libobjc.A.dylib
0x00007ff80c57d000 	/System/Library/Frameworks/ColorSync.framework/Versions/A/ColorSync
0x00007ff806bc5000 	/System/Library/Frameworks/CoreFoundation.framework/Versions/A/CoreFoundation
0x00007ff80fdd7000 	/System/Library/Frameworks/CoreImage.framework/Versions/A/CoreImage
0x00007ff8082b3000 	/System/Library/Frameworks/CoreText.framework/Versions/A/CoreText
0x00007ff80fb8d000 	/System/Library/Frameworks/ImageIO.framework/Versions/A/ImageIO
0x00007ff8118fe000 	/System/Library/PrivateFrameworks/SoftLinking.framework/Versions/A/SoftLinking
0x00007ff80e2de000 	/usr/lib/libxml2.2.dylib
0x00007ff806ad2000 	/usr/lib/libc++.1.dylib
0x00007ff811b82000 	/usr/lib/libcompression.dylib
0x00007ff81363e000 	/System/Library/PrivateFrameworks/TextureIO.framework/Versions/A/TextureIO
0x00007ff812275000 	/usr/lib/libate.dylib
0x00007ff8118f3000 	/usr/lib/system/libcache.dylib
0x00007ff8118af000 	/usr/lib/system/libcommonCrypto.dylib
0x00007ff8118d8000 	/usr/lib/system/libcompiler_rt.dylib
0x00007ff8118ce000 	/usr/lib/system/libcopyfile.dylib
0x00007ff806906000 	/usr/lib/system/libcorecrypto.dylib
0x00007ff8069c5000 	/usr/lib/system/libdispatch.dylib
0x00007ff806b84000 	/usr/lib/system/libdyld.dylib
0x00007ff8118ea000 	/usr/lib/system/libkeymgr.dylib
0x00007ff81188d000 	/usr/lib/system/libmacho.dylib
0x00007ff810f19000 	/usr/lib/system/libquarantine.dylib
0x00007ff8118e8000 	/usr/lib/system/libremovefile.dylib
0x00007ff80baeb000 	/usr/lib/system/libsystem_asl.dylib
0x00007ff8068b4000 	/usr/lib/system/libsystem_blocks.dylib
0x00007ff806a49000 	/usr/lib/system/libsystem_c.dylib
0x00007ff8118e0000 	/usr/lib/system/libsystem_collections.dylib
0x00007ff8101c1000 	/usr/lib/system/libsystem_configuration.dylib
0x00007ff80f47e000 	/usr/lib/system/libsystem_containermanager.dylib
0x00007ff8115ca000 	/usr/lib/system/libsystem_coreservices.dylib
0x00007ff8091ae000 	/usr/lib/system/libsystem_darwin.dylib
0x00007ff8118eb000 	/usr/lib/system/libsystem_dnssd.dylib
0x00007ff806a46000 	/usr/lib/system/libsystem_featureflags.dylib
0x00007ff806b9a000 	/usr/lib/system/libsystem_info.dylib
0x00007ff81182b000 	/usr/lib/system/libsystem_m.dylib
0x00007ff806999000 	/usr/lib/system/libsystem_malloc.dylib
0x00007ff80ba88000 	/usr/lib/system/libsystem_networkextension.dylib
0x00007ff8095d6000 	/usr/lib/system/libsystem_notify.dylib
0x00007ff817a68000 	/usr/lib/system/libsystem_product_info_filter.dylib
0x00007ff8101c5000 	/usr/lib/system/libsystem_sandbox.dylib
0x00007ff8118e5000 	/usr/lib/system/libsystem_secinit.dylib
0x00007ff806b41000 	/usr/lib/system/libsystem_kernel.dylib
0x00007ff806b90000 	/usr/lib/system/libsystem_platform.dylib
0x00007ff806b78000 	/usr/lib/system/libsystem_pthread.dylib
0x00007ff80d343000 	/usr/lib/system/libsystem_symptoms.dylib
0x00007ff8068ed000 	/usr/lib/system/libsystem_trace.dylib
0x00007ff8118bb000 	/usr/lib/system/libunwind.dylib
0x00007ff8068b6000 	/usr/lib/system/libxpc.dylib
0x00007ff806b2b000 	/usr/lib/libc++abi.dylib
0x00007ff8118c6000 	/usr/lib/liboah.dylib
0x00007ff812053000 	/usr/lib/liblzma.5.dylib
0x00007ff80775c000 	/System/Library/Frameworks/SystemConfiguration.framework/Versions/A/SystemConfiguration
0x00007ff8118fa000 	/usr/lib/libfakelink.dylib
0x00007ff80b5f1000 	/System/Library/Frameworks/CFNetwork.framework/Versions/A/CFNetwork
0x00007ff811a39000 	/usr/lib/libarchive.2.dylib
0x00007ff8101cc000 	/System/Library/PrivateFrameworks/AppleSystemInfo.framework/Versions/A/AppleSystemInfo
0x00007ff810f40000 	/usr/lib/libbsm.0.dylib
0x00007ff80ac27000 	/usr/lib/libnetwork.dylib
0x00007ff811893000 	/usr/lib/system/libkxld.dylib
0x00007ff810b6e000 	/System/Library/PrivateFrameworks/IOMobileFramebuffer.framework/Versions/A/IOMobileFramebuffer
0x00007ffb1c661000 	/usr/lib/libCoreEntitlements.dylib
0x00007ff8115ac000 	/System/Library/PrivateFrameworks/AppleFSCompression.framework/Versions/A/AppleFSCompression
0x00007ff810f28000 	/usr/lib/libcoretls.dylib
0x00007ff81206d000 	/usr/lib/libcoretls_cfhelpers.dylib
0x00007ff811b7d000 	/usr/lib/libpam.2.dylib
0x00007ff80cf65000 	/usr/lib/libsqlite3.dylib
0x00007ff8120dc000 	/usr/lib/libxar.1.dylib
0x00007ff8115bc000 	/usr/lib/libbz2.1.0.dylib
0x00007ff8118ff000 	/usr/lib/libpcap.A.dylib
0x00007ff80d33a000 	/usr/lib/libdns_services.dylib
0x00007ff811b4c000 	/usr/lib/libapple_nghttp2.dylib
0x00007ff811936000 	/usr/lib/libiconv.2.dylib
0x00007ff81188c000 	/usr/lib/libcharset.1.dylib
0x00007ff80e261000 	/System/Library/Frameworks/CoreServices.framework/Versions/A/Frameworks/FSEvents.framework/Versions/A/FSEvents
0x00007ff8091b8000 	/System/Library/Frameworks/CoreServices.framework/Versions/A/Frameworks/CarbonCore.framework/Versions/A/CarbonCore
0x00007ff80d57d000 	/System/Library/Frameworks/CoreServices.framework/Versions/A/Frameworks/Metadata.framework/Versions/A/Metadata
0x00007ff8115cf000 	/System/Library/Frameworks/CoreServices.framework/Versions/A/Frameworks/OSServices.framework/Versions/A/OSServices
0x00007ff811ac0000 	/System/Library/Frameworks/CoreServices.framework/Versions/A/Frameworks/SearchKit.framework/Versions/A/SearchKit
0x00007ff80d2cc000 	/System/Library/Frameworks/CoreServices.framework/Versions/A/Frameworks/AE.framework/Versions/A/AE
0x00007ff8070c8000 	/System/Library/Frameworks/CoreServices.framework/Versions/A/Frameworks/LaunchServices.framework/Versions/A/LaunchServices
0x00007ff812004000 	/System/Library/Frameworks/CoreServices.framework/Versions/A/Frameworks/DictionaryServices.framework/Versions/A/DictionaryServices
0x00007ff80e26e000 	/System/Library/Frameworks/CoreServices.framework/Versions/A/Frameworks/SharedFileList.framework/Versions/A/SharedFileList
0x00007ff810f1c000 	/usr/lib/libCheckFix.dylib
0x00007ff80bb02000 	/System/Library/PrivateFrameworks/TCC.framework/Versions/A/TCC
0x00007ff8101d2000 	/System/Library/PrivateFrameworks/CoreNLP.framework/Versions/A/CoreNLP
0x00007ff80d52d000 	/System/Library/PrivateFrameworks/MetadataUtilities.framework/Versions/A/MetadataUtilities
0x00007ff80780c000 	/usr/lib/libmecabra.dylib
0x00007ff810f50000 	/usr/lib/libmecab.dylib
0x00007ff8077d7000 	/usr/lib/libCRFSuite.dylib
0x00007ff810fad000 	/usr/lib/libgermantok.dylib
0x00007ff811b27000 	/usr/lib/libThaiTokenizer.dylib
0x00007ff80d61f000 	/System/Library/Frameworks/Accelerate.framework/Versions/A/Frameworks/vImage.framework/Versions/A/vImage
0x00007ff817b6a000 	/System/Library/Frameworks/Accelerate.framework/Versions/A/Frameworks/vecLib.framework/Versions/A/vecLib
0x00007ff81211d000 	/System/Library/Frameworks/Accelerate.framework/Versions/A/Frameworks/vecLib.framework/Versions/A/libvMisc.dylib
0x00007ff81098c000 	/System/Library/Frameworks/Accelerate.framework/Versions/A/Frameworks/vecLib.framework/Versions/A/libvDSP.dylib
0x00007ff807440000 	/System/Library/Frameworks/Accelerate.framework/Versions/A/Frameworks/vecLib.framework/Versions/A/libBLAS.dylib
0x00007ff811c5e000 	/System/Library/Frameworks/Accelerate.framework/Versions/A/Frameworks/vecLib.framework/Versions/A/libLAPACK.dylib
0x00007ff810fb0000 	/System/Library/Frameworks/Accelerate.framework/Versions/A/Frameworks/vecLib.framework/Versions/A/libLinearAlgebra.dylib
0x00007ff811b65000 	/System/Library/Frameworks/Accelerate.framework/Versions/A/Frameworks/vecLib.framework/Versions/A/libSparseBLAS.dylib
0x00007ff811c58000 	/System/Library/Frameworks/Accelerate.framework/Versions/A/Frameworks/vecLib.framework/Versions/A/libQuadrature.dylib
0x00007ff8102bc000 	/System/Library/Frameworks/Accelerate.framework/Versions/A/Frameworks/vecLib.framework/Versions/A/libBNNS.dylib
0x00007ff8076ed000 	/System/Library/Frameworks/Accelerate.framework/Versions/A/Frameworks/vecLib.framework/Versions/A/libSparse.dylib
0x00007ff8102b5000 	/System/Library/PrivateFrameworks/LinguisticData.framework/Versions/A/LinguisticData
0x00007ff8076a2000 	/System/Library/PrivateFrameworks/Lexicon.framework/Versions/A/Lexicon
0x00007ff812116000 	/usr/lib/libChineseTokenizer.dylib
0x00007ff807e06000 	/System/Library/PrivateFrameworks/LanguageModeling.framework/Versions/A/LanguageModeling
0x00007ff811b29000 	/System/Library/PrivateFrameworks/AppleSauce.framework/Versions/A/AppleSauce
0x00007ff810b5c000 	/System/Library/PrivateFrameworks/CoreEmoji.framework/Versions/A/CoreEmoji
0x00007ff811a28000 	/usr/lib/libcmph.dylib
0x00007ff80e245000 	/System/Library/Frameworks/OpenDirectory.framework/Versions/A/Frameworks/CFOpenDirectory.framework/Versions/A/CFOpenDirectory
0x00007ff80e239000 	/System/Library/Frameworks/OpenDirectory.framework/Versions/A/OpenDirectory
0x00007ff81206f000 	/System/Library/PrivateFrameworks/APFS.framework/Versions/A/APFS
0x00007ff810e7d000 	/System/Library/Frameworks/SecurityFoundation.framework/Versions/A/SecurityFoundation
0x00007ff8120ea000 	/usr/lib/libutil.dylib
0x00007ff8094e3000 	/System/Library/PrivateFrameworks/CoreServicesStore.framework/Versions/A/CoreServicesStore
0x00007ff8120ee000 	/usr/lib/libxslt.1.dylib
0x00007ff810f0a000 	/System/Library/PrivateFrameworks/BackgroundTaskManagement.framework/Versions/A/BackgroundTaskManagement
0x00007ff81355e000 	/System/Library/Frameworks/ImageIO.framework/Versions/A/Resources/libRadiance.dylib
0x00007ff813567000 	/System/Library/Frameworks/ImageIO.framework/Versions/A/Resources/libJPEG.dylib
0x00007ff8134b7000 	/System/Library/Frameworks/ImageIO.framework/Versions/A/Resources/libPng.dylib
0x00007ff8134d8000 	/System/Library/Frameworks/ImageIO.framework/Versions/A/Resources/libTIFF.dylib
0x00007ff8135c7000 	/System/Library/Frameworks/ImageIO.framework/Versions/A/Resources/libGIF.dylib
0x00007ff812de8000 	/System/Library/Frameworks/ImageIO.framework/Versions/A/Resources/libJP2.dylib
0x00007ff81252a000 	/usr/lib/libexpat.1.dylib
0x00007ff812d9d000 	/System/Library/PrivateFrameworks/AppleJPEG.framework/Versions/A/AppleJPEG
0x00007ff80f711000 	/System/Library/PrivateFrameworks/FontServices.framework/libFontParser.dylib
0x00007ff80d276000 	/System/Library/PrivateFrameworks/RunningBoardServices.framework/Versions/A/RunningBoardServices
0x00007ff81dd3f000 	/System/Library/PrivateFrameworks/IOSurfaceAccelerator.framework/Versions/A/IOSurfaceAccelerator
0x00007ff812ecb000 	/System/Library/PrivateFrameworks/WatchdogClient.framework/Versions/A/WatchdogClient
0x00007ff807ef5000 	/System/Library/Frameworks/CoreDisplay.framework/Versions/A/CoreDisplay
0x00007ff80f610000 	/System/Library/Frameworks/CoreMedia.framework/Versions/A/CoreMedia
0x00007ff80f4ad000 	/System/Library/PrivateFrameworks/IOAccelerator.framework/Versions/A/IOAccelerator
0x00007ff80e3c1000 	/System/Library/Frameworks/CoreVideo.framework/Versions/A/CoreVideo
0x00007ff811b7b000 	/System/Library/Frameworks/MetalPerformanceShaders.framework/Versions/A/MetalPerformanceShaders
0x00007ff812f06000 	/System/Library/Frameworks/VideoToolbox.framework/Versions/A/VideoToolbox
0x00007ff80d1be000 	/System/Library/PrivateFrameworks/BaseBoard.framework/Versions/A/BaseBoard
0x00007ff80cf4b000 	/System/Library/PrivateFrameworks/ProtocolBuffer.framework/Versions/A/ProtocolBuffer
0x00007ff813557000 	/System/Library/PrivateFrameworks/GPUWrangler.framework/Versions/A/GPUWrangler
0x00007ff81353a000 	/System/Library/PrivateFrameworks/IOPresentment.framework/Versions/A/IOPresentment
0x00007ff813561000 	/System/Library/PrivateFrameworks/DSExternalDisplay.framework/Versions/A/DSExternalDisplay
0x00007ffa1e830000 	/System/Library/Frameworks/OpenGL.framework/Versions/A/Libraries/libCoreFSCache.dylib
0x00007ffb0a8d1000 	/System/Library/PrivateFrameworks/GPUCompiler.framework/Versions/31001/Libraries/libGPUCompilerUtils.dylib
0x00007ff8135cc000 	/System/Library/PrivateFrameworks/CMCaptureCore.framework/Versions/A/CMCaptureCore
0x00007ff812ad6000 	/System/Library/PrivateFrameworks/AppServerSupport.framework/Versions/A/AppServerSupport
0x00007ff814cb3000 	/System/Library/PrivateFrameworks/perfdata.framework/Versions/A/perfdata
0x00007ff808021000 	/System/Library/PrivateFrameworks/AudioToolboxCore.framework/Versions/A/AudioToolboxCore
0x00007ff80f5ed000 	/System/Library/PrivateFrameworks/caulk.framework/Versions/A/caulk
0x00007ff8145d7000 	/usr/lib/libAudioStatistics.dylib
0x00007ff90b8fa000 	/System/Library/PrivateFrameworks/SystemPolicy.framework/Versions/A/SystemPolicy
0x00007ff81482c000 	/usr/lib/libSMC.dylib
0x00007ff81d676000 	/System/Library/Frameworks/CoreMIDI.framework/Versions/A/CoreMIDI
0x00007ff813487000 	/usr/lib/libAudioToolboxUtility.dylib
0x00007ff907d0c000 	/System/Library/PrivateFrameworks/OSAServicesClient.framework/Versions/A/OSAServicesClient
0x00007ff814cc0000 	/usr/lib/libperfcheck.dylib
0x00007ff90c38c000 	/usr/lib/libmis.dylib
0x00007ffa1e88c000 	/System/Library/Frameworks/OpenGL.framework/Versions/A/Libraries/libGLU.dylib
0x00007ffa1e84f000 	/System/Library/Frameworks/OpenGL.framework/Versions/A/Libraries/libGFXShared.dylib
0x00007ffa1ea5d000 	/System/Library/Frameworks/OpenGL.framework/Versions/A/Libraries/libGL.dylib
0x00007ffa1e858000 	/System/Library/Frameworks/OpenGL.framework/Versions/A/Libraries/libGLImage.dylib
0x00007ffa1e84c000 	/System/Library/Frameworks/OpenGL.framework/Versions/A/Libraries/libCVMSPluginSupport.dylib
0x00007ffa1e837000 	/System/Library/Frameworks/OpenGL.framework/Versions/A/Libraries/libCoreVMClient.dylib
0x00007ff810150000 	/System/Library/Frameworks/MetalPerformanceShaders.framework/Versions/A/Frameworks/MPSCore.framework/Versions/A/MPSCore
0x00007ff811517000 	/System/Library/Frameworks/MetalPerformanceShaders.framework/Versions/A/Frameworks/MPSImage.framework/Versions/A/MPSImage
0x00007ff810fc6000 	/System/Library/Frameworks/MetalPerformanceShaders.framework/Versions/A/Frameworks/MPSNeuralNetwork.framework/Versions/A/MPSNeuralNetwork
0x00007ff81143b000 	/System/Library/Frameworks/MetalPerformanceShaders.framework/Versions/A/Frameworks/MPSMatrix.framework/Versions/A/MPSMatrix
0x00007ff8111f7000 	/System/Library/Frameworks/MetalPerformanceShaders.framework/Versions/A/Frameworks/MPSRayIntersector.framework/Versions/A/MPSRayIntersector
0x00007ff811474000 	/System/Library/Frameworks/MetalPerformanceShaders.framework/Versions/A/Frameworks/MPSNDArray.framework/Versions/A/MPSNDArray
0x00007ffa23451000 	/System/Library/Frameworks/MetalPerformanceShaders.framework/Versions/A/Frameworks/MPSFunctions.framework/Versions/A/MPSFunctions
0x00007ff807323000 	/System/Library/PrivateFrameworks/MetalTools.framework/Versions/A/MetalTools
0x00007ff8101ca000 	/System/Library/PrivateFrameworks/AggregateDictionary.framework/Versions/A/AggregateDictionary
0x00007ff81230c000 	/usr/lib/libIOReport.dylib
0x00007ffa1fe6c000 	/System/Library/Frameworks/OpenCL.framework/Versions/A/OpenCL
0x00007ff812670000 	/System/Library/PrivateFrameworks/FaceCore.framework/Versions/A/FaceCore
0x00007ff812661000 	/System/Library/PrivateFrameworks/GraphVisualizer.framework/Versions/A/GraphVisualizer
0x00007ffb0a7dc000 	/System/Library/PrivateFrameworks/FontServices.framework/Versions/A/FontServices
0x00007ff812a8d000 	/System/Library/PrivateFrameworks/OTSVG.framework/Versions/A/OTSVG
0x00007ff80dfa9000 	/System/Library/Frameworks/ApplicationServices.framework/Versions/A/Frameworks/ATS.framework/Versions/A/Resources/libFontRegistry.dylib
0x00007ff812ade000 	/System/Library/PrivateFrameworks/FontServices.framework/libhvf.dylib
0x00007ffb0a7dd000 	/System/Library/PrivateFrameworks/FontServices.framework/libXTFontStaticRegistryData.dylib
0x00007ff8124da000 	/System/Library/PrivateFrameworks/AppleVA.framework/Versions/A/AppleVA
0x00007ff8145fb000 	/System/Library/Frameworks/ApplicationServices.framework/Versions/A/Frameworks/ATS.framework/Versions/A/ATS
0x00007ff80c679000 	/System/Library/Frameworks/ApplicationServices.framework/Versions/A/Frameworks/HIServices.framework/Versions/A/HIServices
0x00007ff8135d6000 	/System/Library/Frameworks/ApplicationServices.framework/Versions/A/Frameworks/PrintCore.framework/Versions/A/PrintCore
0x00007ff81497f000 	/System/Library/Frameworks/ApplicationServices.framework/Versions/A/Frameworks/QD.framework/Versions/A/QD
0x00007ff814977000 	/System/Library/Frameworks/ApplicationServices.framework/Versions/A/Frameworks/ColorSyncLegacy.framework/Versions/A/ColorSyncLegacy
0x00007ff8145eb000 	/System/Library/Frameworks/ApplicationServices.framework/Versions/A/Frameworks/SpeechSynthesis.framework/Versions/A/SpeechSynthesis
0x00007ff813597000 	/System/Library/Frameworks/ApplicationServices.framework/Versions/A/Frameworks/ATSUI.framework/Versions/A/ATSUI
0x00007ff81490c000 	/usr/lib/libcups.2.dylib
0x00007ff814ccf000 	/System/Library/Frameworks/Kerberos.framework/Versions/A/Kerberos
0x00007ff814cde000 	/System/Library/Frameworks/GSS.framework/Versions/A/GSS
0x00007ff814667000 	/usr/lib/libresolv.9.dylib
0x00007ff812aed000 	/System/Library/PrivateFrameworks/Heimdal.framework/Versions/A/Heimdal
0x00007ff81b7cc000 	/System/Library/Frameworks/Kerberos.framework/Versions/A/Libraries/libHeimdalProxy.dylib
0x00007ff80d34b000 	/System/Library/Frameworks/Network.framework/Versions/A/Network
0x00007ff812544000 	/usr/lib/libheimdal-asn1.dylib
0x00007ff814d2a000 	/System/Library/PrivateFrameworks/CommonAuth.framework/Versions/A/CommonAuth
0x00007ff814568000 	/System/Library/PrivateFrameworks/AudioSession.framework/Versions/A/AudioSession
0x00007ff8125d4000 	/System/Library/PrivateFrameworks/MediaExperience.framework/Versions/A/MediaExperience
0x00007ff8143fc000 	/System/Library/PrivateFrameworks/AudioSession.framework/libSessionUtility.dylib
0x00007ff81498b000 	/System/Library/PrivateFrameworks/AudioResourceArbitration.framework/Versions/A/AudioResourceArbitration
0x00007ff81897d000 	/System/Library/PrivateFrameworks/PowerLog.framework/Versions/A/PowerLog
0x00007ff81254d000 	/System/Library/PrivateFrameworks/IconFoundation.framework/Versions/A/IconFoundation
0x00007ff817797000 	/System/Library/PrivateFrameworks/SpeechRecognitionCore.framework/Versions/A/SpeechRecognitionCore
0x000000011092e000 	/Users/dsejat/Library/Java/JavaVirtualMachines/corretto-11.0.14.1/Contents/Home/lib/server/libjvm.dylib
0x000000010fba8000 	/Users/dsejat/Library/Java/JavaVirtualMachines/corretto-11.0.14.1/Contents/Home/lib/libverify.dylib
0x000000010fbeb000 	/Users/dsejat/Library/Java/JavaVirtualMachines/corretto-11.0.14.1/Contents/Home/lib/libjava.dylib
0x000000010fbbc000 	/Users/dsejat/Library/Java/JavaVirtualMachines/corretto-11.0.14.1/Contents/Home/lib/libjimage.dylib
0x000000010fc1b000 	/Users/dsejat/Library/Java/JavaVirtualMachines/corretto-11.0.14.1/Contents/Home/lib/libinstrument.dylib
0x000000010fc6f000 	/Users/dsejat/Library/Java/JavaVirtualMachines/corretto-11.0.14.1/Contents/Home/lib/libzip.dylib
0x0000000110779000 	/Users/dsejat/Library/Java/JavaVirtualMachines/corretto-11.0.14.1/Contents/Home/lib/libnio.dylib
0x00000001107b0000 	/Users/dsejat/Library/Java/JavaVirtualMachines/corretto-11.0.14.1/Contents/Home/lib/libnet.dylib
0x0000000110791000 	/Users/dsejat/.openjfx/cache/13/libprism_es2.dylib
0x00007ff8094a4000 	/System/Library/PrivateFrameworks/CoreServicesInternal.framework/Versions/A/CoreServicesInternal
0x00007ffa1ea68000 	/System/Library/Frameworks/OpenGL.framework/Versions/A/Resources/GLEngine.bundle/GLEngine
0x00007ffa1e8ca000 	/System/Library/Frameworks/OpenGL.framework/Versions/A/Libraries/libGLProgrammability.dylib
0x00007ffa12c90000 	/System/Library/Extensions/AppleIntelKBLGraphicsGLDriver.bundle/Contents/MacOS/AppleIntelKBLGraphicsGLDriver
0x00007ff916270000 	/System/Library/PrivateFrameworks/GPUSupport.framework/Versions/A/Libraries/libGPUSupportMercury.dylib
0x00007ffa1ebf7000 	/System/Library/Frameworks/OpenGL.framework/Versions/A/Resources/GLRendererFloat.bundle/GLRendererFloat
0x0000000136dc2000 	/Users/dsejat/.openjfx/cache/13/libglass.dylib
0x00007ff818f6e000 	/System/Library/Frameworks/FileProvider.framework/Versions/A/FileProvider
0x00007ff80d12a000 	/System/Library/Frameworks/Accounts.framework/Versions/A/Accounts
0x00007ff8190e6000 	/System/Library/PrivateFrameworks/GenerationalStorage.framework/Versions/A/GenerationalStorage
0x00007ff819bf8000 	/System/Library/PrivateFrameworks/CoreSymbolication.framework/Versions/A/CoreSymbolication
0x00007ff818972000 	/System/Library/PrivateFrameworks/SymptomDiagnosticReporter.framework/Versions/A/SymptomDiagnosticReporter
0x00007ff80a768000 	/System/Library/PrivateFrameworks/DesktopServicesPriv.framework/Versions/A/DesktopServicesPriv
0x00007ff8095e5000 	/usr/lib/libsandbox.1.dylib
0x00007ff80e440000 	/System/Library/PrivateFrameworks/UserManagement.framework/Versions/A/UserManagement
0x00007ff819bbd000 	/System/Library/PrivateFrameworks/DebugSymbols.framework/Versions/A/DebugSymbols
0x00007ff81496c000 	/System/Library/PrivateFrameworks/NetAuth.framework/Versions/A/NetAuth
0x00007ff81585b000 	/System/Library/PrivateFrameworks/Sharing.framework/Versions/A/Sharing
0x00007ff80e413000 	/System/Library/PrivateFrameworks/login.framework/Versions/A/Frameworks/loginsupport.framework/Versions/A/loginsupport
0x00007ff81acfe000 	/System/Library/PrivateFrameworks/Apple80211.framework/Versions/A/Apple80211
0x00007ff8115fc000 	/System/Library/PrivateFrameworks/AuthKit.framework/Versions/A/AuthKit
0x00007ff810c52000 	/System/Library/PrivateFrameworks/CoreUtils.framework/Versions/A/CoreUtils
0x00007ff810b79000 	/System/Library/Frameworks/CoreWLAN.framework/Versions/A/CoreWLAN
0x00007ff8159b6000 	/System/Library/Frameworks/IOBluetooth.framework/Versions/A/IOBluetooth
0x00007ff81ad66000 	/System/Library/PrivateFrameworks/CoreWiFi.framework/Versions/A/CoreWiFi
0x00007ff819792000 	/System/Library/PrivateFrameworks/FrontBoardServices.framework/Versions/A/FrontBoardServices
0x00007ff819824000 	/System/Library/PrivateFrameworks/BoardServices.framework/Versions/A/BoardServices
0x00007ff810e6c000 	/System/Library/PrivateFrameworks/AssertionServices.framework/Versions/A/AssertionServices
0x00007ff81aeea000 	/System/Library/PrivateFrameworks/BackBoardServices.framework/Versions/A/BackBoardServices
0x00007ff814db9000 	/System/Library/PrivateFrameworks/CorePhoneNumbers.framework/Versions/A/CorePhoneNumbers
0x00007ff818a8f000 	/System/Library/PrivateFrameworks/DiskManagement.framework/Versions/A/DiskManagement
0x00007ff8189a3000 	/System/Library/PrivateFrameworks/AppleIDAuthSupport.framework/Versions/A/AppleIDAuthSupport
0x00007ffa2540a000 	/System/Library/PrivateFrameworks/AAAFoundation.framework/Versions/A/AAAFoundation
0x00007ff814d9a000 	/System/Library/PrivateFrameworks/KeychainCircle.framework/Versions/A/KeychainCircle
0x00007ff818a5b000 	/System/Library/PrivateFrameworks/MediaKit.framework/Versions/A/MediaKit
0x00007ff8189af000 	/System/Library/Frameworks/DiscRecording.framework/Versions/A/DiscRecording
0x00007ff812452000 	/usr/lib/libCoreStorage.dylib
0x00007ff81b1d9000 	/usr/lib/libcsfde.dylib
0x00007ff815a83000 	/System/Library/PrivateFrameworks/ProtectedCloudStorage.framework/Versions/A/ProtectedCloudStorage
0x00007ff81b1d5000 	/System/Library/PrivateFrameworks/EFILogin.framework/Versions/A/EFILogin
0x00007ff81910c000 	/System/Library/PrivateFrameworks/OctagonTrust.framework/Versions/A/OctagonTrust
0x00007ffb09afe000 	/System/Library/PrivateFrameworks/CoreUtilsExtras.framework/Versions/A/CoreUtilsExtras
0x00007ff8188e5000 	/System/Library/Frameworks/CoreBluetooth.framework/Versions/A/CoreBluetooth
0x00007ff81b851000 	/System/Library/Frameworks/AudioUnit.framework/Versions/A/AudioUnit
0x00007ff81244a000 	/usr/lib/libMatch.1.dylib
0x00007ff9107f0000 	/System/Library/Frameworks/Accelerate.framework/Versions/A/Frameworks/vImage.framework/Versions/A/Libraries/libCGInterfaces.dylib
0x000000013803a000 	/usr/lib/libobjc-trampolines.dylib
0x00007ff80e139000 	/System/Library/PrivateFrameworks/ViewBridge.framework/Versions/A/ViewBridge
0x00007ff812ba7000 	/System/Library/PrivateFrameworks/login.framework/Versions/A/login
0x000000013a8be000 	/Users/dsejat/.openjfx/cache/13/libjavafx_font.dylib
0x00007ffb1c773000 	/usr/lib/libRosetta.dylib
0x00007ff817e62000 	/System/Library/PrivateFrameworks/SystemAdministration.framework/Versions/A/SystemAdministration
0x00007ff8137fe000 	/System/Library/Frameworks/MediaToolbox.framework/Versions/A/MediaToolbox
0x00007ff817763000 	/System/Library/Frameworks/DirectoryService.framework/Versions/A/DirectoryService
0x00007ff81b077000 	/System/Library/PrivateFrameworks/DiskImages.framework/Versions/A/DiskImages
0x00007ff810f14000 	/System/Library/Frameworks/ServiceManagement.framework/Versions/A/ServiceManagement
0x00007ff81b251000 	/System/Library/PrivateFrameworks/LoginUIKit.framework/Versions/A/Frameworks/LoginUICore.framework/Versions/A/LoginUICore
0x00007ff812d55000 	/usr/lib/libodfde.dylib
0x00007ff818f3e000 	/System/Library/PrivateFrameworks/CoreAVCHD.framework/Versions/A/CoreAVCHD
0x00007ff817e26000 	/System/Library/Frameworks/MediaAccessibility.framework/Versions/A/MediaAccessibility
0x00007ff818f3a000 	/System/Library/PrivateFrameworks/Mangrove.framework/Versions/A/Mangrove
0x00007ff817e31000 	/System/Library/PrivateFrameworks/AlgosScoreFramework.framework/Versions/A/AlgosScoreFramework
0x00007ffb06f43000 	/System/Library/PrivateFrameworks/CMPhoto.framework/Versions/A/CMPhoto
0x00007ff819a93000 	/System/Library/PrivateFrameworks/AppleVPA.framework/Versions/A/AppleVPA
0x00007ff818b7f000 	/System/Library/PrivateFrameworks/CoreAUC.framework/Versions/A/CoreAUC
0x00007ff81b1e5000 	/usr/lib/libcurl.4.dylib
0x00007ff81af42000 	/usr/lib/libcrypto.44.dylib
0x00007ff81b04a000 	/usr/lib/libssl.46.dylib
0x00007ff81af08000 	/System/Library/Frameworks/LDAP.framework/Versions/A/LDAP
0x00007ff81af40000 	/System/Library/PrivateFrameworks/TrustEvaluationAgent.framework/Versions/A/TrustEvaluationAgent
0x00007ff814680000 	/usr/lib/libsasl2.2.dylib
0x00007ff817e56000 	/System/Library/PrivateFrameworks/CoreDaemon.framework/Versions/B/CoreDaemon
0x00007ff817e51000 	/System/Library/PrivateFrameworks/AppleSRP.framework/Versions/A/AppleSRP


VM Arguments:
jvm_args: -javaagent:/Applications/IntelliJ IDEA CE.app/Contents/lib/idea_rt.jar=62715:/Applications/IntelliJ IDEA CE.app/Contents/bin -Dfile.encoding=UTF-8 --module-path=/Users/dsejat/.m2/repository/com/google/guava/guava/31.1-jre/guava-31.1-jre.jar:/Users/dsejat/.m2/repository/org/openjfx/javafx-base/13/javafx-base-13-mac.jar:/Users/dsejat/Downloads/KiDSDomaci1/target/classes:/Users/dsejat/.m2/repository/org/openjfx/javafx-graphics/13/javafx-graphics-13-mac.jar:/Users/dsejat/.m2/repository/org/openjfx/javafx-controls/13/javafx-controls-13-mac.jar -Djdk.module.main=RAF.KiDSDomaci1 
java_command: RAF.KiDSDomaci1/RAF.KiDSDomaci1.app.AppStarter
java_class_path (initial): /Users/dsejat/.m2/repository/org/openjfx/javafx-controls/13/javafx-controls-13.jar:/Users/dsejat/.m2/repository/org/openjfx/javafx-graphics/13/javafx-graphics-13.jar:/Users/dsejat/.m2/repository/org/openjfx/javafx-base/13/javafx-base-13.jar:/Users/dsejat/.m2/repository/com/google/guava/failureaccess/1.0.1/failureaccess-1.0.1.jar:/Users/dsejat/.m2/repository/com/google/guava/listenablefuture/9999.0-empty-to-avoid-conflict-with-guava/listenablefuture-9999.0-empty-to-avoid-conflict-with-guava.jar:/Users/dsejat/.m2/repository/com/google/code/findbugs/jsr305/3.0.2/jsr305-3.0.2.jar:/Users/dsejat/.m2/repository/org/checkerframework/checker-qual/3.12.0/checker-qual-3.12.0.jar:/Users/dsejat/.m2/repository/com/google/errorprone/error_prone_annotations/2.11.0/error_prone_annotations-2.11.0.jar:/Users/dsejat/.m2/repository/com/google/j2objc/j2objc-annotations/1.3/j2objc-annotations-1.3.jar
Launcher Type: SUN_STANDARD

[Global flags]
     intx CICompilerCount                          = 4                                         {product} {ergonomic}
     uint ConcGCThreads                            = 2                                         {product} {ergonomic}
     uint G1ConcRefinementThreads                  = 8                                         {product} {ergonomic}
   size_t G1HeapRegionSize                         = 1048576                                   {product} {ergonomic}
    uintx GCDrainStackTargetSize                   = 64                                        {product} {ergonomic}
   size_t InitialHeapSize                          = 268435456                                 {product} {ergonomic}
   size_t MarkStackSize                            = 4194304                                   {product} {ergonomic}
   size_t MaxHeapSize                              = 4294967296                                {product} {ergonomic}
   size_t MaxNewSize                               = 2576351232                                {product} {ergonomic}
   size_t MinHeapDeltaBytes                        = 1048576                                   {product} {ergonomic}
    uintx NonNMethodCodeHeapSize                   = 5836300                                {pd product} {ergonomic}
    uintx NonProfiledCodeHeapSize                  = 122910970                              {pd product} {ergonomic}
    uintx ProfiledCodeHeapSize                     = 122910970                              {pd product} {ergonomic}
    uintx ReservedCodeCacheSize                    = 251658240                              {pd product} {ergonomic}
     bool SegmentedCodeCache                       = true                                      {product} {ergonomic}
     bool UseCompressedClassPointers               = true                                 {lp64_product} {ergonomic}
     bool UseCompressedOops                        = true                                 {lp64_product} {ergonomic}
     bool UseG1GC                                  = true                                      {product} {ergonomic}

Logging:
Log output configuration:
 #0: stdout all=warning uptime,level,tags
 #1: stderr all=off uptime,level,tags

Environment Variables:
PATH=/usr/local/bin:/usr/bin:/bin:/usr/sbin:/sbin:/usr/local/munki
SHELL=/bin/zsh
LC_CTYPE=en_GB.UTF-8

Signal Handlers:
SIGSEGV: [libjvm.dylib+0x7ccc92], sa_mask[0]=11111111011111110111111111111111, sa_flags=SA_ONSTACK|SA_RESTART|SA_SIGINFO
SIGBUS: [libjvm.dylib+0x7ccc92], sa_mask[0]=11111111011111110111111111111111, sa_flags=SA_RESTART|SA_SIGINFO
SIGFPE: [libjvm.dylib+0x7ccc92], sa_mask[0]=11111111011111110111111111111111, sa_flags=SA_RESTART|SA_SIGINFO
SIGPIPE: [libjvm.dylib+0x630218], sa_mask[0]=11111111011111110111111111111111, sa_flags=SA_RESTART|SA_SIGINFO
SIGXFSZ: [libjvm.dylib+0x630218], sa_mask[0]=11111111011111110111111111111111, sa_flags=SA_RESTART|SA_SIGINFO
SIGILL: [libjvm.dylib+0x7ccc92], sa_mask[0]=11111111011111110111111111111111, sa_flags=SA_RESTART|SA_SIGINFO
SIGUSR2: [libjvm.dylib+0x6307f6], sa_mask[0]=00100000000000000000000000000000, sa_flags=SA_RESTART|SA_SIGINFO
SIGHUP: [libjvm.dylib+0x62f3a9], sa_mask[0]=11111111011111110111111111111111, sa_flags=SA_RESTART|SA_SIGINFO
SIGINT: [libjvm.dylib+0x62f3a9], sa_mask[0]=11111111011111110111111111111111, sa_flags=SA_RESTART|SA_SIGINFO
SIGTERM: [libjvm.dylib+0x62f3a9], sa_mask[0]=11111111011111110111111111111111, sa_flags=SA_RESTART|SA_SIGINFO
SIGQUIT: [libjvm.dylib+0x62f3a9], sa_mask[0]=11111111011111110111111111111111, sa_flags=SA_RESTART|SA_SIGINFO


---------------  S Y S T E M  ---------------

OS:uname:Darwin 21.3.0 Darwin Kernel Version 21.3.0: Wed Jan  5 21:37:58 PST 2022; root:xnu-8019.80.24~20/RELEASE_X86_64 x86_64
OS uptime: 24 days 0:27 hours
rlimit (soft/hard): STACK 8192k/65532k , CORE 0k/infinity , NPROC 2784/4176 , NOFILE 10240/infinity , AS infinity/infinity , CPU infinity/infinity , DATA infinity/infinity , FSIZE infinity/infinity , MEMLOCK infinity/infinity , RSS infinity/infinity
load average:5.97 5.47 4.50

CPU:total 8 (initial active 8) (4 cores per cpu, 2 threads per core) family 6 model 142 stepping 10 microcode 0xec, cmov, cx8, fxsr, mmx, sse, sse2, sse3, ssse3, sse4.1, sse4.2, popcnt, avx, avx2, aes, clmul, erms, 3dnowpref, lzcnt, ht, tsc, tscinvbit, bmi1, bmi2, adx, fma

Memory: 4k page, physical 16777216k(65708k free), swap 6291456k(1669120k free)

vm_info: OpenJDK 64-Bit Server VM (11.0.14.1+10-LTS) for bsd-amd64 JRE (11.0.14.1+10-LTS), built on Feb  8 2022 01:38:57 by "ec2user" with clang Apple LLVM 13.0.0 (clang-1300.0.29.30)

END.
